C51 COMPILER V9.53.0.0   MAIN                                                              05/15/2017 16:49:31 PAGE 1   


C51 COMPILER V9.53.0.0, COMPILATION OF MODULE MAIN
OBJECT MODULE PLACED IN main.OBJ
COMPILER INVOKED BY: F:\Keil_v5\C51\BIN\c51.exe main.c DB OE BR INCDIR(c:\SiLabs\MCU\Inc)

line level    source

   1          //-----------------------------------------------------------------------------
   2          // Includes
   3          //-----------------------------------------------------------------------------
   4          #include "compiler_defs.h"
   5          #include "C8051F500_defs.h"            // SFR declarations
   6          
   7          //-----------------------------------------------------------------------------
   8          // Type Definitions
   9          //-----------------------------------------------------------------------------
  10          
  11          typedef union UU64
  12          {
  13             U32 U32[2];
  14             U16 U16[4];
  15             U8 U8[8];
  16          } UU64;
  17          
  18          //-----------------------------------------------------------------------------
  19          // Function Prototypes
  20          //-----------------------------------------------------------------------------
  21          
  22          void OSCILLATOR_Init (void);
  23          void PORT_Init (void);
  24          void CAN0_Init (void);
  25          void ADC0_Init(void);
  26          void Timer2_Init(void);
  27          void delay(U16 time);
  28          void DisplayNumber(U16 i);
  29          void CAN0_TransferMO (U8 obj_num);
  30          void Yunzhuanwei(void);
  31          void Chuzhiwei(void);
  32          void Quanzhidongwei(void);
  33          void Yizhiwei(void);
  34          void Chonglianwei(void);
  35          void Jinjiwei(void);
  36          void Syunzhuanwei();
  37          void Szhidongwei();
  38          void Ceya();
  39          
  40          INTERRUPT_PROTO (CAN0_ISR, INTERRUPT_CAN0);
  41          INTERRUPT_PROTO (TIMER2_ISR, INTERRUPT_TIMER2);
  42          
  43          //-----------------------------------------------------------------------------
  44          // Global Constants
  45          //-----------------------------------------------------------------------------
  46          
  47          #define SYSCLK       24000000          // System clock speed in Hz
  48          
  49          #define MESSAGE_OBJECTS    32          // Number of message objects to use
  50                                                 // Range is 1-32
  51          #define MESSAGE_SIZE        8          // Size in bytes of each CAN message
  52                                                 // Range is 1-8
  53          
  54          #define RX_COMPLETE_MASK  0xFFFFFFFF   // Set this to (2^MESSAGE_OBJECTS - 1)
  55          
C51 COMPILER V9.53.0.0   MAIN                                                              05/15/2017 16:49:31 PAGE 2   

  56          //-----------------------------------------------------------------------------
  57          // Bit Definition Masks
  58          //-----------------------------------------------------------------------------
  59          
  60          // CAN0STAT
  61          #define BOff  0x80                     // Busoff Status
  62          #define EWarn 0x40                     // Warning Status
  63          #define EPass 0x20                     // Error Passive
  64          #define RxOk  0x10                     // Receive Message Successfully
  65          #define TxOk  0x08                     // Transmitted Message Successfully
  66          #define LEC   0x07                     // Last Error Code
  67          
  68          //-----------------------------------------------------------------------------
  69          // Pin Definitions
  70          //-----------------------------------------------------------------------------
  71          
  72          SBIT (LED, SFR_P1, 3);                 // LED = 1 turns on the LED
  73          
  74          //-----------------------------------------------------------------------------
  75          // Global Variables
  76          //-----------------------------------------------------------------------------
  77          #define IPM_ID 0x001
  78          #define EBV_ID 0x002
  79          #define Broadcast_ID 0x003
  80          #define ERCP_ID 0x010
  81          #define BPCP_ID 0x011
  82          #define CP16_ID 0x012
  83          #define CP20_ID 0x013
  84          #define CP13_ID 0x014
  85          #define TIMER2_RELOAD  200000000
  86          #define ANALOG_INPUTS    4
  87          #define MVLT_ON (P1 &= ~0x40)
  88          #define MVLT_OFF (P1 |= 0x40)
  89          #define APP_ON ( P2 &= ~0x40)
  90          #define APP_OFF (P2 |= 0x40)
  91          #define REL_ON (P2 &= ~0x80)
  92          #define REL_OFF (P2 |= 0x80)
  93          //dispaly number define
  94          U8 dis[10]={ 0xC0,0xF9,0xA4,0xB0,0x99,0x92,0x82,0xF8,0x80,0x90 };
  95                             //   0    1    2    3    4    5    6    7    8    9 
  96          bit CAN_ERROR = 0;                     // 0 = No Errors occurred
  97                                                 // 1 = Some error(s) occurred
  98          U8 FaultCode = 0x00 ;
  99          
 100          U8 CAN_Tx_Buf[8] = {0xf1, 0x02, 0x03, 0x04, 0x05, 0x06, 0x07, 0x08};
 101          U8 CAN_Rx_Buf[8];
 102          U8 CAN_RX_COMPLETE;       
 103          U8 Rx_Broadcast_OK = 0;           
 104          
 105          U8 PIN_TABLE[ANALOG_INPUTS] = {0x00, 0x01, 0x02, 0x03};
 106          U8 AMUX_INPUT = 0;
 107          
 108          //-----------------------------------------------------------------------------
 109          // MAIN Routine
 110          //-----------------------------------------------------------------------------
 111          
 112          void main (void)
 113          {
 114   1      
 115   1         SFRPAGE = ACTIVE_PAGE;              // Set for PCA0MD
 116   1      
 117   1         PCA0MD &= ~0x40;                    // Disable Watchdog Timer
C51 COMPILER V9.53.0.0   MAIN                                                              05/15/2017 16:49:31 PAGE 3   

 118   1      
 119   1         OSCILLATOR_Init ();                 // Initialize oscillator
 120   1         PORT_Init ();                       // Initialize crossbar and GPIO
 121   1         CAN0_Init ();                       // Start CAN peripheral
 122   1         ADC0_Init ();
 123   1         Timer2_Init ();
 124   1      
 125   1         EIE2 |= 0x02;                       // Enable CAN interupts
 126   1         EA = 1;                             // Enable global interrupts
 127   1         P2 |= 0xC0;
 128   1         while (1)
 129   1         {
 130   2                      if(Rx_Broadcast_OK)
 131   2                      {
 132   3                              delay(50);
 133   3                              CAN0_TransferMO(IPM_ID);
 134   3                              Rx_Broadcast_OK = 0;
 135   3                      }
 136   2                      DisplayNumber(20);
 137   2         }
 138   1      }
 139          
 140          //-----------------------------------------------------------------------------
 141          // Initialization Subroutines
 142          //-----------------------------------------------------------------------------
 143          
 144          void OSCILLATOR_Init (void)
 145          {
 146   1         U8 SFRPAGE_save = SFRPAGE;
 147   1         SFRPAGE = CONFIG_PAGE;
 148   1      
 149   1         OSCICN = 0x87;                      // Set internal oscillator divider to 1
 150   1      
 151   1         SFRPAGE = SFRPAGE_save;
 152   1      }
 153          
 154          //-----------------------------------------------------------------------------
 155          // PORT_Init
 156          //-----------------------------------------------------------------------------
 157          
 158          void PORT_Init (void)
 159          {
 160   1         U8 SFRPAGE_save = SFRPAGE;
 161   1         SFRPAGE  = CONFIG_PAGE;             // Port SFR's on Configuration page
 162   1      
 163   1         P0MDOUT  |= 0x40;                   // P0.6 (CAN0 TX) is push-pull
 164   1         P1MDOUT  |= 0x08;                   // P1.3 (LED) is push-pull
 165   1         P1MDOUT &= 0xbf;                                             //P1^6 open drain for relay
 166   1        // P2MDIN |= 0xf0;                                             //ADC
 167   1        // P2SKIP |= 0x0f;                                             //ADC
 168   1         P2MDOUT |= 0xc0;                    //P2.6/7 for driving mosfet
 169   1         P3MDOUT |= 0xff;                            //P3 is push-pull to drive the LED.
 170   1         P4MDOUT |= 0x03;                            //P4   
 171   1      
 172   1         XBR0     = 0x02;                    // Enable CAN0 on Crossbar
 173   1         XBR2     = 0x40;                    // Enable Crossbar and weak pull-ups
 174   1      
 175   1         SFRPAGE = SFRPAGE_save;
 176   1      }
 177          
 178          //-----------------------------------------------------------------------------
 179          // ADC0_Init
C51 COMPILER V9.53.0.0   MAIN                                                              05/15/2017 16:49:31 PAGE 4   

 180          //-----------------------------------------------------------------------------
 181          void ADC0_Init(void)
 182          {
 183   1              U8 SFRPAGE_save = SFRPAGE;
 184   1              SFRPAGE = ACTIVE_PAGE;
 185   1      
 186   1              ADC0CF |= 0x01;
 187   1              ADC0H = 0x04;
 188   1              ADC0L = 0x6c;
 189   1              ADC0H = 0x07;
 190   1              ADC0L = 0xa0;
 191   1              ADC0H = 0x08;
 192   1              ADC0L = 0x01;
 193   1              ADC0CF &= ~0x01;
 194   1      
 195   1              ADC0CN = 0x10;           //0 start by writing 1 to AD0BUSY, 1 start by overflow of timer 1 , 3 by timer 2
 196   1      
 197   1              REF0CN = 0x33;
 198   1      
 199   1              ADC0MX = 0x10| PIN_TABLE[AMUX_INPUT];
 200   1      
 201   1              ADC0CF = ((SYSCLK /3000000) - 1) << 3;
 202   1      
 203   1      //      EIE1 |= 0x04;
 204   1      
 205   1              AD0EN = 1;
 206   1      
 207   1              SFRPAGE = SFRPAGE_save;
 208   1      
 209   1      }
 210          
 211          
 212          //-----------------------------------------------------------------------------
 213          // Timer2_Init
 214          //-----------------------------------------------------------------------------
 215          void Timer2_Init(void)
 216          {
 217   1         U8 SFRPAGE_save = SFRPAGE;
 218   1         SFRPAGE = ACTIVE_PAGE;
 219   1      
 220   1         CKCON &= ~0x30;                     // Timer2 uses SYSCLK/12
 221   1         TMR2CN &= ~0x01;
 222   1      
 223   1         TMR2RL = TIMER2_RELOAD;             // Reload value to be used in Timer2
 224   1         TMR2 = TMR2RL;                      // Init the Timer2 register
 225   1      
 226   1         TMR2CN = 0x04;                      // Enable Timer2 in auto-reload mode
 227   1         ET2 = 1;                            // Timer2 interrupt enabled
 228   1      
 229   1         SFRPAGE = SFRPAGE_save;
 230   1      }
 231          //-----------------------------------------------------------------------------
 232          // CAN0_Init
 233          //-----------------------------------------------------------------------------
 234          void CAN0_Init (void)
 235          {
 236   1         U8 iter;
 237   1      
 238   1         U8 SFRPAGE_save = SFRPAGE;
 239   1         SFRPAGE  = CAN0_PAGE;               // All CAN register are on page 0x0C
 240   1      
 241   1         CAN0CN |= 0x01;                     // Start Intialization mode
C51 COMPILER V9.53.0.0   MAIN                                                              05/15/2017 16:49:31 PAGE 5   

 242   1      
 243   1         //---------Initialize general CAN peripheral settings
 244   1      
 245   1         CAN0CN |= 0x4E;                     // Enable Status, Error,
 246   1                                             // Module Interrupts
 247   1                                             // Enable access to bit timing register
 248   1      
 249   1         // See the CAN Bit Timing Spreadsheet for how to calculate this value
 250   1         CAN0BT = 0x1402;                    // Based on 24 Mhz CAN clock, set the
 251   1                                             // CAN bit rate to 1 Mbps
 252   1      
 253   1         //---------Initialize settings common to all message objects
 254   1      
 255   1         // Command Mask Register
 256   1         CAN0IF1CM = 0x00F0;                 // Write Operation
 257   1                                             // Transfer ID Mask, MDir, MXtd
 258   1                                             // Transfer ID, Dir, Xtd, MsgVal
 259   1                                             // Transfer Control Bits
 260   1                                             // Don't set TxRqst or transfer data
 261   1      
 262   1         // Mask Registers
 263   1         CAN0IF1M1 = 0x0000;                 // Mask Bits 15-0 not used for filtering
 264   1         CAN0IF1M2 = 0x5FFC;                 // Ignore Extended Identifier for
 265   1                                             // filtering
 266   1                                             // Used Direction bit for filtering
 267   1                                             // Use ID bits 28-18 for filtering
 268   1      
 269   1         // Arbitration Registers
 270   1         CAN0IF1A1 = 0x0000;                 // 11-bit ID, so lower 16-bits not used
 271   1      
 272   1         // Message Control Registers
 273   1         CAN0IF1MC = 0x1480 | MESSAGE_SIZE;  // Enable Receive Interrupt
 274   1                                             // Message Object is a Single Message
 275   1                                             // Message Size set by #define
 276   1      
 277   1      
 278   1         //---------Initialize unique settings for Rx message object
 279   1      
 280   1         // Arbitration Registers
 281   1         CAN0IF1A2 = 0x8000 | (Broadcast_ID << 2);  // Set MsgVal to valid
 282   1                                               // Set Object Direction to read
 283   1                                               // Set 11-bit Identifier to iter
 284   1      
 285   1         CAN0IF1CR = Broadcast_ID;                // Start command request
 286   1      
 287   1            while (CAN0IF1CRH & 0x80) {}       // Poll on Busy bit
 288   1      
 289   1         // Message Control Registers
 290   1         CAN0IF1MC = 0x0080 | MESSAGE_SIZE;  // Disable Transmit Interrupt
 291   1                                             // Message Object is a Single Message
 292   1                                             // Message Size set by #define
 293   1      
 294   1         //---------Initialize unique settings for Tx message object
 295   1         // Arbitration Registers
 296   1         CAN0IF1A2 = 0xA000 | (IPM_ID << 2);  // Set MsgVal to valid
 297   1                                               // Set Direction to write
 298   1                                               // Set 11-bit Identifier to iter
 299   1      
 300   1         CAN0IF1CR = IPM_ID;                // Start command request
 301   1      
 302   1         while (CAN0IF1CRH & 0x80) {}       // Poll on Busy bit
 303   1      
C51 COMPILER V9.53.0.0   MAIN                                                              05/15/2017 16:49:31 PAGE 6   

 304   1         //---------Initialize settings for unused message objects
 305   1      
 306   1         for (iter = 0; iter < MESSAGE_OBJECTS; iter++)
 307   1         {
 308   2              if(iter != Broadcast_ID && iter != IPM_ID)
 309   2               {
 310   3            // Set remaining message objects to be Ignored
 311   3            CAN0IF1A2 = 0x0000;              // Set MsgVal to 0 to Ignore
 312   3            CAN0IF1CR = iter;                // Start command request
 313   3      
 314   3            while (CAN0IF1CRH & 0x80) {}     // Poll on Busy bit
 315   3                }
 316   2         }
 317   1      
 318   1         CAN0CN &= ~0x41;                    // Return to Normal Mode and disable
 319   1                                             // access to bit timing register
 320   1      
 321   1         SFRPAGE = SFRPAGE_save;
 322   1      }
 323          
 324          void CAN0_TransferMO (U8 obj_num)
 325          {
 326   1         // This function assumes that the message object is fully initialized
 327   1         // in CAN0_Init and so all it has to do is fill the data registers and
 328   1         // initiate transmission
 329   1      
 330   1         U8 SFRPAGE_save = SFRPAGE;
 331   1         SFRPAGE  = CAN0_PAGE;               // All CAN register are on page 0x0C
 332   1      
 333   1         // Initialize all 8 data bytes even though they might not be sent
 334   1         // The number to send was configured earlier by setting Message Control
 335   1      
 336   1         CAN0IF1DA1L = *CAN_Tx_Buf;              // Initialize data registers based
 337   1         CAN0IF1DA1H = *(CAN_Tx_Buf + 1);          // on message object used
 338   1         CAN0IF1DA2L = *(CAN_Tx_Buf + 2);
 339   1         CAN0IF1DA2H = *(CAN_Tx_Buf + 3);
 340   1         CAN0IF1DB1L = *(CAN_Tx_Buf + 4);
 341   1         CAN0IF1DB1H = *(CAN_Tx_Buf + 5);
 342   1         CAN0IF1DB2L = *(CAN_Tx_Buf + 6);
 343   1         CAN0IF1DB2H = *(CAN_Tx_Buf + 7);
 344   1      
 345   1         CAN0IF1CM = 0x0087;                 // Set Direction to Write
 346   1                                             // Write TxRqst, all 8 data bytes
 347   1      
 348   1         CAN0IF1CR = obj_num;                // Start command request
 349   1      
 350   1         while (CAN0IF1CRH & 0x80) {}        // Poll on Busy bit
 351   1      
 352   1         SFRPAGE = SFRPAGE_save;
 353   1      }
 354          //-----------------------------------------------------------------------------
 355          // Interrupt Service Routines
 356          //-----------------------------------------------------------------------------
 357          
 358          //-----------------------------------------------------------------------------
 359          // CAN0_ISR
 360          //-----------------------------------------------------------------------------
 361          INTERRUPT (CAN0_ISR, INTERRUPT_CAN0)
 362          {
 363   1         U8 carry;
 364   1         UU32 new_data;
 365   1      
C51 COMPILER V9.53.0.0   MAIN                                                              05/15/2017 16:49:31 PAGE 7   

 366   1         // SFRPAGE is set to CAN0_Page automatically when ISR starts
 367   1      
 368   1         U8 status = CAN0STAT;               // Read status, which clears the Status
 369   1                                             // Interrupt bit pending in CAN0IID
 370   1      
 371   1         U8 Interrupt_ID = CAN0IID;          // Read which message object caused
 372   1                                             // the interrupt
 373   1         // The CAN0ND registers tell which of the 32 message objects are new.
 374   1         // Read data from CAN registers and perform 1-bit right shift with carry
 375   1         new_data.U8[b0] = CAN0ND1L;         // With a big endian compiler, assign LSB
 376   1         new_data.U8[b1] = CAN0ND1H;
 377   1         new_data.U8[b2] = CAN0ND2L;
 378   1         new_data.U8[b3] = CAN0ND2H;         // Assign MSB
 379   1         carry = new_data.U8[b0] & 0x01;     // Store carry bit
 380   1         new_data.U32 = new_data.U32 >> 1;   // Perform 1-bit shift to realign
 381   1      
 382   1         if (carry)
 383   1         { // Add carry if necessary
 384   2            new_data.U8[b3] = new_data.U8[b3] | 0x80;
 385   2         }
 386   1      
 387   1         // new_data variable will now tell which message object is new.
 388   1      
 389   1         CAN0IF1CM = 0x007F;                 // Read all of message object to IF1
 390   1                                             // Clear IntPnd and newData
 391   1      
 392   1         CAN0IF1CR = Interrupt_ID;           // Start command request
 393   1      
 394   1         while (CAN0IF1CRH & 0x80) {}           // Poll on Busy bit
 395   1      
 396   1         if (status & RxOk )                  // If transmit completed successfully
 397   1         {
 398   2             // Read all 8 data bytes to rxdata, even though they might not be valid
 399   2            CAN_Rx_Buf[0] = CAN0IF1DA1L;
 400   2            CAN_Rx_Buf[1] = CAN0IF1DA1H;
 401   2            CAN_Rx_Buf[2] = CAN0IF1DA2L;
 402   2            CAN_Rx_Buf[3] = CAN0IF1DA2H;
 403   2            CAN_Rx_Buf[4] = CAN0IF1DB1L;
 404   2            CAN_Rx_Buf[5] = CAN0IF1DB1H;
 405   2            CAN_Rx_Buf[6] = CAN0IF1DB2L;
 406   2            CAN_Rx_Buf[7] = CAN0IF1DB2H;
 407   2            CAN_RX_COMPLETE = 1;
 408   2      
 409   2              if(Interrupt_ID == Broadcast_ID && CAN_Rx_Buf[3] == IPM_ID)
 410   2              {       
 411   3                      if( CAN_Rx_Buf[1] & 0x01 )
 412   3                      {
 413   4                      //      switch(CAN_Rx_Buf[0])
 414   4                      //      {
 415   4                      //              case 0x01: Yunzhuanwei(); break;
 416   4                      //              case 0x02: Chuzhiwei(); break;
 417   4                      //              case 0x04: Quanzhidongwei(); break;
 418   4                      //              case 0x08: Yizhiwei(); break;
 419   4                      //              case 0x10: Chonglianwei(); break;
 420   4                      //              case 0x20: Jinjiwei(); break;
 421   4                      //              default:break;
 422   4                      //      }
 423   4                              CAN_Tx_Buf[0] = CAN_Rx_Buf[0];
 424   4                              CAN_Tx_Buf[1] = CAN_Rx_Buf[1];
 425   4                              CAN_Tx_Buf[3] = CP20_ID;
 426   4                              CAN_Tx_Buf[4] = FaultCode;
 427   4                              Rx_Broadcast_OK = 1;
C51 COMPILER V9.53.0.0   MAIN                                                              05/15/2017 16:49:31 PAGE 8   

 428   4                      }
 429   3                      else if( CAN_Rx_Buf[1] == 0x02)
 430   3                      {
 431   4                              switch(CAN_Rx_Buf[0])
 432   4                              {
 433   5                                      case 0x01: Syunzhuanwei();break;
 434   5                                      case 0x02: Szhidongwei();break;
 435   5                                      case 0x04: Ceya();break;
 436   5                                      default:break;
 437   5                              }       
 438   4                              CAN_Tx_Buf[0] = CAN_Rx_Buf[0];
 439   4                              CAN_Tx_Buf[1] = CAN_Rx_Buf[1];
 440   4                              CAN_Tx_Buf[3] = CP20_ID;
 441   4                              CAN_Tx_Buf[4] = FaultCode;
 442   4              
 443   4                              CAN0_TransferMO(IPM_ID);
 444   4                      }
 445   3      
 446   3                      else if (CAN_Rx_Buf[1] == 0x11)
 447   3                      {
 448   4      
 449   4                      }
 450   3      
 451   3              }
 452   2         }
 453   1         // If an error occured, simply update the global variable and continue
 454   1         if (status & LEC)
 455   1         {
 456   2             // The LEC bits identify the type of error, but those are grouped here
 457   2             if ((status & LEC) != 0x07)
 458   2             {
 459   3                CAN_ERROR = 1;
 460   3             }
 461   2         }
 462   1      
 463   1         if (status & BOff)
 464   1         {
 465   2            CAN_ERROR = 1;
 466   2         }
 467   1      
 468   1         if (status & EWarn)
 469   1         {
 470   2            CAN_ERROR = 1;
 471   2         }
 472   1      
 473   1         // Old SFRPAGE is popped off stack when ISR exits
 474   1      }
 475          
 476          INTERRUPT (TIMER2_ISR, INTERRUPT_TIMER2)
 477          {
 478   1      
 479   1      //      DisplayNumber(2);
 480   1         TF2H = 0;                           // Reset Interrupt
 481   1         
 482   1      }
 483          
 484          
 485          //for delay time
 486          void delay(U16 time)         //int型数据为16位,所以最大值为65535            
 487           {
 488   1        U16  i,j;             //定义变量i,j,用于循环语句 
 489   1        for(i=0;i<time;i++)    //for循环,循环50*time次
C51 COMPILER V9.53.0.0   MAIN                                                              05/15/2017 16:49:31 PAGE 9   

 490   1           for(j=0;j<100;j++); //for循环,循环50次
 491   1       }
 492          
 493           //display number
 494          void DisplayNumber(U16 i)
 495          {
 496   1              
 497   1              P3 |= dis[i/1000];
 498   1              P4 = 0x01;
 499   1              P4 = 0x00;
 500   1              P3 = 0x01;     //chose the thousand
 501   1              P4 = 0x02;
 502   1              P4 = 0x00;
 503   1              delay(10);
 504   1              P3 &= 0x00;
 505   1      
 506   1      
 507   1      
 508   1              P3 |= dis[(i%1000)/100];
 509   1              P4 = 0x01;
 510   1              P4 = 0x00;
 511   1              P3 = 0x02;
 512   1              P4 = 0x02;
 513   1              P4 = 0x00;
 514   1              delay(10);
 515   1              P3 = 0x00;
 516   1      
 517   1      
 518   1      
 519   1      
 520   1              P3 |= dis[(i%100) / 10];
 521   1              P4 = 0x01;
 522   1              P4 = 0x00;
 523   1              P3 = 0x04;
 524   1              P4 = 0x02;
 525   1              P4 = 0x00;
 526   1              delay(10);
 527   1              P3 &= 0x00;
 528   1      
 529   1      
 530   1              P3 = 0;
 531   1              P3 |= dis[i%10];
 532   1              P4 = 0x01;
 533   1              P4 = 0x00;
 534   1              P3 = 0x08;
 535   1              P4 = 0x02;
 536   1              P4 = 0x00;
 537   1              delay(10);
 538   1              P3 &= 0x00;
 539   1              
 540   1      
 541   1      }
 542          
 543          void Yunzhuanwei()
 544          {
 545   1      
 546   1      }
 547          void Chuzhiwei()
 548          {
 549   1      
 550   1      }
 551          
C51 COMPILER V9.53.0.0   MAIN                                                              05/15/2017 16:49:31 PAGE 10  

 552          void Quanzhidongwei()
 553          {
 554   1      
 555   1      }
 556          
 557          void Yizhiwei()
 558          {
 559   1      
 560   1      }
 561          
 562          void Chonglianwei()
 563          {
 564   1      
 565   1      }
 566          
 567          void Jinjiwei()
 568          {
 569   1              
 570   1      
 571   1      }
 572          
 573          void Syunzhuanwei()
 574          {
 575   1              MVLT_ON;
 576   1              APP_OFF;
 577   1              REL_ON;
 578   1      }
 579          
 580          void Szhidongwei()
 581          {
 582   1              MVLT_ON;
 583   1              APP_ON;
 584   1              REL_OFF;
 585   1      }
 586          
 587          void Ceya()
 588          {
 589   1              MVLT_ON;
 590   1              APP_OFF;
 591   1              REL_OFF;
 592   1      }
 593          //-----------------------------------------------------------------------------
 594          // End Of File
 595          //-----------------------------------------------------------------------------
 596          


MODULE INFORMATION:   STATIC OVERLAYABLE
   CODE SIZE        =    858    ----
   CONSTANT SIZE    =   ----    ----
   XDATA SIZE       =   ----    ----
   PDATA SIZE       =   ----    ----
   DATA SIZE        =     34       7
   IDATA SIZE       =   ----    ----
   BIT SIZE         =      1    ----
END OF MODULE INFORMATION.


C51 COMPILATION COMPLETE.  0 WARNING(S),  0 ERROR(S)
