C51 COMPILER V9.53.0.0   MAIN                                                              06/10/2017 00:59:36 PAGE 1   


C51 COMPILER V9.53.0.0, COMPILATION OF MODULE MAIN
OBJECT MODULE PLACED IN main.OBJ
COMPILER INVOKED BY: F:\Keil_v5\C51\BIN\C51.EXE main.c LARGE OPTIMIZE(8,SPEED) BROWSE DEBUG OBJECTEXTEND TABS(2)

line level    source

   1          //-----------------------------------------------------------------------------
   2          // Includes
   3          //-----------------------------------------------------------------------------
   4          #include "compiler_defs.h"
   5          #include "C8051F500_defs.h"            // SFR declarations
   6          #include "Display.h"
   7          
   8          //-----------------------------------------------------------------------------
   9          // Type Definitions
  10          //-----------------------------------------------------------------------------
  11          
  12          typedef union UU64
  13          {
  14             U32 U32[2];
  15             U16 U16[4];
  16             U8 U8[8];
  17          } UU64;
  18          
  19          //-----------------------------------------------------------------------------
  20          // Function Prototypes
  21          //-----------------------------------------------------------------------------
  22          
  23          void OSCILLATOR_Init (void);
  24          void PORT_Init (void);
  25          void CAN0_Init (void);
  26          void ADC0_Init(void);
  27          void Timer_Init(void);
  28          void CAN0_TransferMO (U8 obj_num);
  29          
  30          void PressureCal();
  31          void PIDControl();
  32          
  33          
  34          
  35          void Yunzhuanwei(void);
  36          void Chuzhiwei(void);
  37          void Quanzhidongwei(void);
  38          void Yizhiwei(void);
  39          void Chonglianwei(void);
  40          void Jinjiwei(void);
  41          
  42          INTERRUPT_PROTO (CAN0_ISR, INTERRUPT_CAN0);
  43          INTERRUPT_PROTO (TIMER0_ISR, INTERRUPT_TIMER0);
  44          INTERRUPT_PROTO (TIMER2_ISR, INTERRUPT_TIMER2);
  45          //INTERRUPT_PROTO (TIMER3_ISR, INTERRUPT_TIMER3);
  46          INTERRUPT_PROTO (ADC0_ISR, INTERRUPT_ADC0_EOC);
  47          
  48          //-----------------------------------------------------------------------------
  49          // Global Constants
  50          //-----------------------------------------------------------------------------
  51          #define SYSCLK       24000000          // System clock speed in Hz
  52          #define MESSAGE_OBJECTS    32          // Number of message objects to use
  53                                                 // Range is 1-32
  54          #define MESSAGE_SIZE        8          // Size in bytes of each CAN message
  55                                                 // Range is 1-8
C51 COMPILER V9.53.0.0   MAIN                                                              06/10/2017 00:59:36 PAGE 2   

  56          
  57          //-----------------------------------------------------------------------------
  58          // Bit Definition Masks
  59          //-----------------------------------------------------------------------------
  60          
  61          // CAN0STAT
  62          #define BOff  0x80                     // Busoff Status
  63          #define EWarn 0x40                     // Warning Status
  64          #define EPass 0x20                     // Error Passive
  65          #define RxOk  0x10                     // Receive Message Successfully
  66          #define TxOk  0x08                     // Transmitted Message Successfully
  67          #define LEC   0x07                     // Last Error Code
  68          
  69          
  70          #define MV53_ON (P1 &= ~0x40)
  71          #define MV53_OFF (P1 |= 0x40)
  72          #define MVEM_ON ( P2 &= ~0x40)
  73          #define MVEM_OFF (P2 |= 0x40)
  74          #define EMV_ON (P2 &= ~0x80)
  75          #define EMV_OFF (P2 |= 0x80)
  76          
  77          //-----------------------------------------------------------------------------
  78          // Global Variables
  79          //-----------------------------------------------------------------------------
  80          #define IPM_ID 0x001
  81          #define EBV_ID 0x002
  82          #define Broadcast_ID 0x003
  83          #define ERCP_ID 0x010
  84          #define BPCP_ID 0x011
  85          #define CP16_ID 0x012
  86          #define Respond_ID 0x25
  87          #define ANALOG_INPUTS    2
  88          #define INT_DEC             256        // Integrate and decimate ratio
  89          
  90          
  91          bit CAN_ERROR = 0;                     // 0 = No Errors occurred
  92                                                 // 1 = Some error(s) occurred
  93          U8 FaultCode = 0x00;
  94          
  95          U8 CAN_Tx_Buf[8] = {0x00, 0x00, 0x00, 0x00, 0x00, 0x00, 0x00, 0x00};
  96          U8 CAN_Rx_Buf[8];
  97          U8 CAN_RX_COMPLETE;               
  98          bit Rx_ERCP_OK ;
  99          
 100          SEGMENT_VARIABLE (RESULT[ANALOG_INPUTS], U32, xdata);
 101          U8 PIN_TABLE[ANALOG_INPUTS] = {0x00, 0x01};
 102          U32 accumulator[ANALOG_INPUTS];
 103          U8 AMUX_INPUT = 0;
 104          U8 PWM_Count = 0;
 105          U8 PWM_Period = 100;
 106          U8 PWM_APP = 0;
 107          U8 PWM_REL = 0;
 108          
 109          U32 Target_BPT_Pressure  ;
 110          
 111          U32 pressure_current_BPT;
 112          U16 pressureBPT_H;
 113          U16 pressureBPT_L;
 114          float P_mA_current_BPT=0 ;
 115          
 116          
 117          U32 pressure_current_MRT;
C51 COMPILER V9.53.0.0   MAIN                                                              06/10/2017 00:59:36 PAGE 3   

 118          U16 pressureMRT_H;
 119          U16 pressureMRT_L;
 120          float P_mA_current_MRT=0 ;
 121          
 122          float error, sumerror, lasterror, kp, ki, kd;
 123          unsigned int TxCount,Tx;
 124          //-----------------------------------------------------------------------------
 125          // MAIN Routine
 126          //-----------------------------------------------------------------------------
 127          
 128          void main (void)
 129          {
 130   1      
 131   1         SFRPAGE = ACTIVE_PAGE;              // Set for PCA0MD
 132   1      
 133   1         PCA0MD &= ~0x40;                    // Disable Watchdog Timer
 134   1      
 135   1         OSCILLATOR_Init ();                 // Initialize oscillator
 136   1         PORT_Init ();                       // Initialize crossbar and GPIO
 137   1         CAN0_Init ();                       // Start CAN peripheral
 138   1         ADC0_Init ();
 139   1         Timer_Init ();
 140   1         RESULT[0]=0;
 141   1         RESULT[1]=0;
 142   1      
 143   1        // EIE1 |= 0x40;
 144   1         EIE2 |= 0x02;                       // Enable CAN interupts
 145   1         EA = 1;                             // Enable global interrupts
 146   1         P2 |= 0xC0;
 147   1         while (1)
 148   1         {
 149   2           smg_display(0xb,18,0xc,18);
 150   2           PressureCal();
 151   2           if(Rx_ERCP_OK)
 152   2            {
 153   3              CAN0_TransferMO(IPM_ID);
 154   3              Rx_ERCP_OK = 0;
 155   3              CAN0_TransferMO (CP16_ID);
 156   3            }
 157   2            CAN_Tx_Buf[0] = CAN_Rx_Buf[0];
 158   2            CAN_Tx_Buf[1] = CAN_Rx_Buf[1];
 159   2            CAN_Tx_Buf[2] = BPCP_ID;
 160   2            CAN_Tx_Buf[3] = FaultCode;
 161   2            CAN_Tx_Buf[4] = 0x1;
 162   2            CAN_Tx_Buf[5] = 0x2c;
 163   2            CAN_Tx_Buf[6] = 0x2;
 164   2            CAN_Tx_Buf[7] = 0xbc;
 165   2            TxCount++;
 166   2          if(TxCount > 1000 )
 167   2          { 
 168   3            CAN0_TransferMO(IPM_ID);
 169   3            TxCount = 0;
 170   3          }
 171   2        }
 172   1      }
 173          
 174          
 175          
 176          void OSCILLATOR_Init (void)
 177          {
 178   1         U8 SFRPAGE_save = SFRPAGE;
 179   1         SFRPAGE = CONFIG_PAGE;
C51 COMPILER V9.53.0.0   MAIN                                                              06/10/2017 00:59:36 PAGE 4   

 180   1      
 181   1         OSCICN = 0x87;                      // Set internal oscillator divider to 1
 182   1      
 183   1         SFRPAGE = SFRPAGE_save;
 184   1      }
 185          
 186          //-----------------------------------------------------------------------------
 187          // PORT_Init
 188          //-----------------------------------------------------------------------------
 189          
 190          void PORT_Init (void)
 191          {
 192   1         U8 SFRPAGE_save = SFRPAGE;
 193   1         SFRPAGE  = CONFIG_PAGE;             // Port SFR's on Configuration page
 194   1        
 195   1         P0SKIP |= 0x01;                     // Skip P0.0 (VREF)
 196   1         P0MDIN &= ~0x01;                   // Set VREF to analog
 197   1         P0MDOUT  |= 0x40;                   // P0.6 (CAN0 TX) is push-pull
 198   1         P1MDOUT  |= 0x08;                   // P1.3 (LED) is push-pull
 199   1         P1MDOUT &= 0xbf;                   //P1^6 open drain for relay
 200   1         P2SKIP |= 0x0f;                     // Skip P2.0,P2.1,P2.2,P2.3(ADC input)
 201   1         P2MDIN &= ~0x0f;                   // Set P2.0,P2.1,P2.2,P2.3 as an analog input
 202   1         P2MDOUT |= 0xc0;                    //P2.6/7 for driving mosfet
 203   1         P3MDOUT |= 0xff;                            //P3 is push-pull to drive the LED.
 204   1         P4MDOUT |= 0x03;                            //P4   
 205   1      
 206   1         XBR0     = 0x02;                    // Enable CAN0 on Crossbar
 207   1         XBR2     = 0x40;                    // Enable Crossbar and weak pull-ups
 208   1      
 209   1         SFRPAGE = SFRPAGE_save;
 210   1      }
 211          
 212          //-----------------------------------------------------------------------------
 213          // ADC0_Init
 214          //-----------------------------------------------------------------------------
 215          void ADC0_Init (void)
 216          {
 217   1         U8 SFRPAGE_save = SFRPAGE;
 218   1         SFRPAGE = ACTIVE_PAGE;
 219   1      
 220   1         // Initialize the Gain to account for a 5V input and 2.25 VREF
 221   1         // Solve the equation provided in Section 9.3.1 of the Datasheet
 222   1      
 223   1         // The 5V input is scaled by a factor of 0.44 so that the maximum input
 224   1         // voltage seen by the pin is 2.2V
 225   1      
 226   1         // 0.44 = (GAIN/4096) + GAINADD * (1/64)
 227   1      
 228   1         // Set GAIN to 0x6CA and GAINADD to 1
 229   1         // GAIN = is the 12-bit word formed by ADC0GNH[7:0] ADC0GNL[7:4]
 230   1         // GAINADD is bit ADC0GNA.0
 231   1      
 232   1         ADC0CF |= 0x01;                     // Set GAINEN = 1
 233   1         ADC0H   = 0x04;                     // Load the ADC0GNH address
 234   1         ADC0L   = 0x6C;                     // Load the upper byte of 0x6CA to 
 235   1                                             // ADC0GNH
 236   1         ADC0H   = 0x07;                     // Load the ADC0GNL address
 237   1         ADC0L   = 0xA0;                     // Load the lower nibble of 0x6CA to 
 238   1                                             // ADC0GNL
 239   1         ADC0H   = 0x08;                     // Load the ADC0GNA address
 240   1         ADC0L   = 0x01;                     // Set the GAINADD bit
 241   1         ADC0CF &= ~0x01;                    // Set GAINEN = 0
C51 COMPILER V9.53.0.0   MAIN                                                              06/10/2017 00:59:36 PAGE 5   

 242   1      
 243   1         ADC0CN = 0x03;                      // ADC0 disabled, normal tracking,
 244   1                                             // conversion triggered on TMR2 overflow
 245   1                                             // Output is right-justified
 246   1      
 247   1         REF0CN = 0x33;                      // Enable on-chip VREF and buffer
 248   1                                             // Set voltage reference to 2.25V
 249   1      
 250   1         ADC0MX = 0x0A;                      // Set ADC input to P1.2
 251   1      
 252   1         ADC0CF = ((SYSCLK / 3000000) - 1) << 3;   // Set SAR clock to 3MHz
 253   1      
 254   1         EIE1 |= 0x04;                       // Enable ADC0 conversion complete int.
 255   1      
 256   1         AD0EN = 1;                          // Enable ADC0
 257   1      
 258   1         SFRPAGE = SFRPAGE_save;
 259   1      }
 260          
 261          
 262          //-----------------------------------------------------------------------------
 263          // Timer2_Init
 264          //-----------------------------------------------------------------------------
 265          void Timer_Init(void)
 266          {
 267   1         U8 SFRPAGE_save = SFRPAGE;
 268   1         SFRPAGE = ACTIVE_PAGE;
 269   1       
 270   1          CKCON = 0x00;     //t1 t0 use the sys-clock/12,t3 t2 refer to TMRXCN
 271   1          
 272   1         TCON      = 0x00;      //t1 don't run temporarily,t0 don't run 
 273   1         TMOD      = 0x21;      //t1 8bit reload timer,t0 16bit timer
 274   1         TL0       = 0x90;  
 275   1         TH0       = 0xE8;      //3ms,based on 2MHz clock           ×¨ó?óú??DD?D?óê??üá?3ms?¨ê±
 276   1         TR0 = 1;
 277   1         ET0 = 1;
 278   1      
 279   1         TMR2CN = 0x00;                      // Stop Timer2; Clear TF2;
 280   1                                             // use SYSCLK as timebase, 16-bit
 281   1                                             // auto-reload
 282   1         CKCON |= 0x10;                      // Select SYSCLK for timer 2 source
 283   1         TMR2RL = 65535 - (SYSCLK / 10000);  // Init reload value for 10 us
 284   1         TMR2 = 0xFFFF;                      // Set to reload immediately
 285   1         ET2 = 1;                            // Enable Timer2 interrupts
 286   1         TR2 = 1;                            // Start Timer2
 287   1      
 288   1         PT2 = 1;
 289   1      
 290   1          TMR3CN    = 0x00;     //t3 16bit reload timer,don't run,sys-clock/12
 291   1          //TMR3RL = 20000;
 292   1      ///TMR3 = 0xffff;
 293   1        TMR3RLL   = 0x30;
 294   1          TMR3RLH   = 0xf8;
 295   1          TMR3L     = 0x30;
 296   1          TMR3H     = 0xf8;     //    ó?óúS￡?ms?¨ê± */
 297   1        TMR3CN |= 0x04;       //run timer3
 298   1      
 299   1         SFRPAGE = SFRPAGE_save;
 300   1      }
 301          //-----------------------------------------------------------------------------
 302          // CAN0_Init
 303          //-----------------------------------------------------------------------------
C51 COMPILER V9.53.0.0   MAIN                                                              06/10/2017 00:59:36 PAGE 6   

 304          void CAN0_Init (void)
 305          {
 306   1         U8 iter;
 307   1      
 308   1         U8 SFRPAGE_save = SFRPAGE;
 309   1         SFRPAGE  = CAN0_PAGE;               // All CAN register are on page 0x0C
 310   1      
 311   1         CAN0CN |= 0x01;                     // Start Intialization mode
 312   1      
 313   1         //---------Initialize general CAN peripheral settings
 314   1      
 315   1         CAN0CN |= 0x4E;                     // Enable Status, Error,
 316   1                                             // Module Interrupts
 317   1                                             // Enable access to bit timing register
 318   1      
 319   1         // See the CAN Bit Timing Spreadsheet for how to calculate this value
 320   1         CAN0BT = 0x1402;                    // Based on 24 Mhz CAN clock, set the
 321   1                                             // CAN bit rate to 1 Mbps
 322   1      
 323   1         //---------Initialize settings common to all message objects
 324   1      
 325   1         // Command Mask Register
 326   1         CAN0IF1CM = 0x00F0;                 // Write Operation
 327   1                                             // Transfer ID Mask, MDir, MXtd
 328   1                                             // Transfer ID, Dir, Xtd, MsgVal
 329   1                                             // Transfer Control Bits
 330   1                                             // Don't set TxRqst or transfer data
 331   1      
 332   1         // Mask Registers
 333   1         CAN0IF1M1 = 0x0000;                 // Mask Bits 15-0 not used for filtering
 334   1         CAN0IF1M2 = 0x5FFC;                 // Ignore Extended Identifier for
 335   1                                             // filtering
 336   1                                             // Used Direction bit for filtering
 337   1                                             // Use ID bits 28-18 for filtering
 338   1      
 339   1         // Arbitration Registers
 340   1         CAN0IF1A1 = 0x0000;                 // 11-bit ID, so lower 16-bits not used
 341   1      
 342   1         // Message Control Registers
 343   1         CAN0IF1MC = 0x1480 | MESSAGE_SIZE;  // Enable Receive Interrupt
 344   1                                             // Message Object is a Single Message
 345   1                                             // Message Size set by #define
 346   1      
 347   1      
 348   1         //---------Initialize unique settings for Rx message object
 349   1      
 350   1         // Arbitration Registers
 351   1         CAN0IF1A2 = 0x8000 | (BPCP_ID << 2);  // Set MsgVal to valid
 352   1                                               // Set Object Direction to read
 353   1                                               // Set 11-bit Identifier to iter
 354   1      
 355   1         CAN0IF1CR = BPCP_ID;                // Start command request
 356   1      
 357   1            while (CAN0IF1CRH & 0x80) {}       // Poll on Busy bit
 358   1      
 359   1      
 360   1         CAN0IF1A2 = 0x8000 | (Broadcast_ID << 2);  // Set MsgVal to valid
 361   1                                               // Set Object Direction to read
 362   1                                               // Set 11-bit Identifier to iter
 363   1      
 364   1         CAN0IF1CR = Broadcast_ID;                // Start command request
 365   1      
C51 COMPILER V9.53.0.0   MAIN                                                              06/10/2017 00:59:36 PAGE 7   

 366   1            while (CAN0IF1CRH & 0x80) {}       // Poll on Busy bit
 367   1         // Message Control Registers
 368   1         CAN0IF1MC = 0x0080 | MESSAGE_SIZE;  // Disable Transmit Interrupt
 369   1                                             // Message Object is a Single Message
 370   1                                             // Message Size set by #define
 371   1      
 372   1         //---------Initialize unique settings for Tx message object
 373   1         // Arbitration Registers
 374   1         CAN0IF1A2 = 0xA000 | (IPM_ID << 2);  // Set MsgVal to valid
 375   1                                               // Set Direction to write
 376   1                                               // Set 11-bit Identifier to iter
 377   1      
 378   1         CAN0IF1CR = IPM_ID;                // Start command request
 379   1      
 380   1         while (CAN0IF1CRH & 0x80) {}       // Poll on Busy bit
 381   1      
 382   1         CAN0IF1A2 = 0xA000 | (CP16_ID << 2);  // Set MsgVal to valid
 383   1                                               // Set Direction to write
 384   1                                               // Set 11-bit Identifier to iter
 385   1      
 386   1         CAN0IF1CR = CP16_ID;                // Start command request
 387   1      
 388   1         while (CAN0IF1CRH & 0x80) {}       // Poll on Busy bit
 389   1         //---------Initialize settings for unused message objects
 390   1      
 391   1         for (iter = 0; iter < MESSAGE_OBJECTS; iter++)
 392   1         {
 393   2          if(iter != CP16_ID && iter != BPCP_ID && iter != Broadcast_ID && iter != IPM_ID)
 394   2         {
 395   3            // Set remaining message objects to be Ignored
 396   3            CAN0IF1A2 = 0x0000;              // Set MsgVal to 0 to Ignore
 397   3            CAN0IF1CR = iter;                // Start command request
 398   3      
 399   3            while (CAN0IF1CRH & 0x80) {}     // Poll on Busy bit
 400   3          }
 401   2         }
 402   1      
 403   1         CAN0CN &= ~0x41;                    // Return to Normal Mode and disable
 404   1                                             // access to bit timing register
 405   1      
 406   1         SFRPAGE = SFRPAGE_save;
 407   1      }
 408          
 409          void CAN0_TransferMO (U8 obj_num)
 410          {
 411   1         // This function assumes that the message object is fully initialized
 412   1         // in CAN0_Init and so all it has to do is fill the data registers and
 413   1         // initiate transmission
 414   1      
 415   1         U8 SFRPAGE_save = SFRPAGE;
 416   1         SFRPAGE  = CAN0_PAGE;               // All CAN register are on page 0x0C
 417   1      
 418   1         // Initialize all 8 data bytes even though they might not be sent
 419   1         // The number to send was configured earlier by setting Message Control
 420   1      
 421   1         CAN0IF1DA1L = *CAN_Tx_Buf;              // Initialize data registers based
 422   1         CAN0IF1DA1H = *(CAN_Tx_Buf + 1);          // on message object used
 423   1         CAN0IF1DA2L = *(CAN_Tx_Buf + 2);
 424   1         CAN0IF1DA2H = *(CAN_Tx_Buf + 3);
 425   1         CAN0IF1DB1L = *(CAN_Tx_Buf + 4);
 426   1         CAN0IF1DB1H = *(CAN_Tx_Buf + 5);
 427   1         CAN0IF1DB2L = *(CAN_Tx_Buf + 6);
C51 COMPILER V9.53.0.0   MAIN                                                              06/10/2017 00:59:36 PAGE 8   

 428   1         CAN0IF1DB2H = *(CAN_Tx_Buf + 7);
 429   1      
 430   1         CAN0IF1CM = 0x0087;                 // Set Direction to Write
 431   1                                             // Write TxRqst, all 8 data bytes
 432   1      
 433   1         CAN0IF1CR = obj_num;                // Start command request
 434   1      
 435   1         while (CAN0IF1CRH & 0x80) {}        // Poll on Busy bit
 436   1      
 437   1         SFRPAGE = SFRPAGE_save;
 438   1      }
 439          
 440          //Calculate the pressure detect by ADC
 441          
 442          void PressureCal()
 443          {
 444   1        P_mA_current_BPT=((((( RESULT[1] / 4095.0 * 1000) * 1.5 * 10) / 3.0)) / 250.0);
 445   1        pressure_current_BPT=(int)(62.5 * P_mA_current_BPT - 243.0);//单位KPa 
 446   1        pressureBPT_H=((pressure_current_BPT / 1000) << 4)|(pressure_current_BPT % 1000 / 100);
 447   1        pressureBPT_L=((pressure_current_BPT % 100 / 10) << 4) | (pressure_current_BPT  % 10);  
 448   1      
 449   1        P_mA_current_MRT=((((( RESULT[0] / 4095.0 * 1000) * 1.5 * 10) / 3.0)) / 250.0);
 450   1        pressure_current_MRT=(int)(62.5 * P_mA_current_MRT - 243.0);//单位KPa
 451   1        pressureMRT_H=((pressure_current_MRT / 1000) << 4)|(pressure_current_MRT % 1000 / 100);
 452   1        pressureMRT_L=((pressure_current_MRT % 100 / 10) << 4)|(pressure_current_MRT % 10);
 453   1      }
 454          
 455          
 456          //Calculate the PID output
 457          void PIDControl()
 458          { 
 459   1        float derror, Uout;
 460   1        error = Target_BPT_Pressure - pressure_current_BPT/100.0;  
 461   1        sumerror += error;
 462   1        derror = error - lasterror;
 463   1        lasterror = error;
 464   1        
 465   1        Uout = kp * error + ki * sumerror + kd * derror;
 466   1        
 467   1        if(Uout > 0 || Uout == 0)
 468   1        {
 469   2          Uout /= 100.0;
 470   2          PWM_APP = Uout;
 471   2          PWM_REL = 0;
 472   2          if(Uout > 0 && Uout < 0.3)
 473   2            PWM_APP = 0.25;
 474   2          if(Uout > 1)
 475   2            PWM_APP = 1;
 476   2      
 477   2        }
 478   1        else 
 479   1        {
 480   2          PWM_APP = 0;
 481   2          PWM_REL = 0.23;
 482   2        }
 483   1      
 484   1      
 485   1      
 486   1      }
 487          //-----------------------------------------------------------------------------
 488          // Interrupt Service Routines
 489          //-----------------------------------------------------------------------------
C51 COMPILER V9.53.0.0   MAIN                                                              06/10/2017 00:59:36 PAGE 9   

 490          
 491          //-----------------------------------------------------------------------------
 492          // CAN0_ISR
 493          //-----------------------------------------------------------------------------
 494          INTERRUPT (CAN0_ISR, INTERRUPT_CAN0)
 495          {
 496   1         U8 carry;
 497   1         UU32 new_data;
 498   1      
 499   1         // SFRPAGE is set to CAN0_Page automatically when ISR starts
 500   1      
 501   1         U8 status = CAN0STAT;               // Read status, which clears the Status
 502   1                                             // Interrupt bit pending in CAN0IID
 503   1      
 504   1         U8 Interrupt_ID = CAN0IID;          // Read which message object caused
 505   1                                             // the interrupt
 506   1         // The CAN0ND registers tell which of the 32 message objects are new.
 507   1         // Read data from CAN registers and perform 1-bit right shift with carry
 508   1         new_data.U8[b0] = CAN0ND1L;         // With a big endian compiler, assign LSB
 509   1         new_data.U8[b1] = CAN0ND1H;
 510   1         new_data.U8[b2] = CAN0ND2L;
 511   1         new_data.U8[b3] = CAN0ND2H;         // Assign MSB
 512   1         carry = new_data.U8[b0] & 0x01;     // Store carry bit
 513   1         new_data.U32 = new_data.U32 >> 1;   // Perform 1-bit shift to realign
 514   1      
 515   1         if (carry)
 516   1         { // Add carry if necessary
 517   2            new_data.U8[b3] = new_data.U8[b3] | 0x80;
 518   2         }
 519   1      
 520   1         // new_data variable will now tell which message object is new.
 521   1      
 522   1         CAN0IF1CM = 0x007F;                 // Read all of message object to IF1
 523   1                                             // Clear IntPnd and newData
 524   1      
 525   1         CAN0IF1CR = Interrupt_ID;           // Start command request
 526   1      
 527   1         while (CAN0IF1CRH & 0x80) {}           // Poll on Busy bit
 528   1      
 529   1         if (status & RxOk )                  // If transmit completed successfully
 530   1         {
 531   2             // Read all 8 data bytes to rxdata, even though they might not be valid
 532   2            CAN_Rx_Buf[0] = CAN0IF1DA1L;
 533   2            CAN_Rx_Buf[1] = CAN0IF1DA1H;
 534   2            CAN_Rx_Buf[2] = CAN0IF1DA2L;
 535   2            CAN_Rx_Buf[3] = CAN0IF1DA2H;
 536   2            CAN_Rx_Buf[4] = CAN0IF1DB1L;
 537   2            CAN_Rx_Buf[5] = CAN0IF1DB1H;
 538   2            CAN_Rx_Buf[6] = CAN0IF1DB2L;
 539   2            CAN_Rx_Buf[7] = CAN0IF1DB2H;
 540   2            CAN_RX_COMPLETE = 1;
 541   2        
 542   2           if(Interrupt_ID == BPCP_ID && CAN_Rx_Buf[2] == ERCP_ID )
 543   2          {
 544   3            Rx_ERCP_OK = 1;
 545   3          }
 546   2          if(Interrupt_ID == Broadcast_ID  && CAN_Rx_Buf[2] == IPM_ID)
 547   2          {
 548   3            if( CAN_Rx_Buf[1] == 0x01)
 549   3            {
 550   4              switch(CAN_Rx_Buf[0])
 551   4              {
C51 COMPILER V9.53.0.0   MAIN                                                              06/10/2017 00:59:36 PAGE 10  

 552   5                case 0x01: Yunzhuanwei(); break;
 553   5                case 0x02: Chuzhiwei(); break;
 554   5                case 0x04: Quanzhidongwei(); break;
 555   5                case 0x08: Yizhiwei(); break;
 556   5                case 0x10: Chonglianwei(); break;
 557   5                case 0x20: Jinjiwei(); break;
 558   5                default:break;
 559   5              }
 560   4          
 561   4              CAN_Tx_Buf[0] = CAN_Rx_Buf[0];
 562   4              CAN_Tx_Buf[1] = CAN_Rx_Buf[1];
 563   4              CAN_Tx_Buf[2] = BPCP_ID;
 564   4              CAN_Tx_Buf[3] = FaultCode;
 565   4              CAN_Tx_Buf[4] = pressureBPT_H;
 566   4              CAN_Tx_Buf[5] = pressureBPT_L;
 567   4              CAN_Tx_Buf[6] = pressureMRT_H;
 568   4              CAN_Tx_Buf[7] = pressureMRT_L;
 569   4              //CAN0_TransferMO(Respond_ID);
 570   4              
 571   4            }
 572   3            else if (CAN_Rx_Buf[1] == 0x11)
 573   3            {
 574   4              switch(CAN_Rx_Buf[0])
 575   4              {
 576   5                case 0x01: Yunzhuanwei(); break;
 577   5                case 0x02: Chuzhiwei(); break;
 578   5                case 0x04: Quanzhidongwei(); break;
 579   5                case 0x08: Yizhiwei(); break;
 580   5                case 0x10: Chonglianwei(); break;
 581   5                case 0x20: Jinjiwei(); break;
 582   5                default:break;
 583   5              }
 584   4              FaultCode = 0x11;
 585   4              CAN_Tx_Buf[0] = CAN_Rx_Buf[0];
 586   4              CAN_Tx_Buf[1] = CAN_Rx_Buf[1];
 587   4              CAN_Tx_Buf[2] = BPCP_ID;
 588   4              CAN_Tx_Buf[3] = FaultCode;
 589   4              CAN_Tx_Buf[4] = pressureBPT_H;
 590   4              CAN_Tx_Buf[5] = pressureBPT_L;
 591   4              CAN_Tx_Buf[6] = pressureMRT_H;
 592   4              CAN_Tx_Buf[7] = pressureMRT_L;
 593   4              //CAN0_TransferMO(Respond_ID);
 594   4              CAN0_TransferMO(IPM_ID);
 595   4              //CAN0_TransferMO (CP16_ID);
 596   4            }
 597   3          }
 598   2         }
 599   1         // If an error occured, simply update the global variable and continue
 600   1         if (status & LEC)
 601   1         {
 602   2             // The LEC bits identify the type of error, but those are grouped here
 603   2             if ((status & LEC) != 0x07)
 604   2             {
 605   3                CAN_ERROR = 1;
 606   3             }
 607   2         }
 608   1      
 609   1         if (status & BOff)
 610   1         {
 611   2            CAN_ERROR = 1;
 612   2         }
 613   1      
C51 COMPILER V9.53.0.0   MAIN                                                              06/10/2017 00:59:36 PAGE 11  

 614   1         if (status & EWarn)
 615   1         {
 616   2            CAN_ERROR = 1;
 617   2         }
 618   1      
 619   1         // Old SFRPAGE is popped off stack when ISR exits
 620   1      }
 621          INTERRUPT (TIMER0_ISR, INTERRUPT_TIMER0)
 622          {
 623   1        TF0 = 0;
 624   1        TL0       = 0x90; 
 625   1        TH0       = 0xE8;     //3ms,based on 2MHz clock 
 626   1      
 627   1        PIDControl();
 628   1      //  TxCount++;
 629   1      //  if(TxCount>10000 && CAN_Rx_Buf[1] == 0x01)
 630   1      //  {
 631   1      //    TxCount=0;
 632   1      //    CAN_Tx_Buf[0] = CAN_Rx_Buf[0];
 633   1      //    CAN_Tx_Buf[1] = CAN_Rx_Buf[1];
 634   1      //    CAN_Tx_Buf[2] = BPCP_ID;
 635   1      //    CAN_Tx_Buf[3] = FaultCode;
 636   1      //    CAN_Tx_Buf[4] = pressureBPT_H;
 637   1      //    CAN_Tx_Buf[5] = pressureBPT_L;
 638   1      //    CAN_Tx_Buf[6] = 700>>8&0xff;
 639   1      //    CAN_Tx_Buf[7] = 700&0xff;
 640   1      //    CAN0_TransferMO(IPM_ID);
 641   1      //  }
 642   1        
 643   1      }
 644          INTERRUPT (TIMER2_ISR, INTERRUPT_TIMER2)
 645          {
 646   1      
 647   1      //  DisplayNumber(2);
 648   1         TF2H = 0;                           // Reset Interrupt
 649   1            // Set up the AMUX for the next ADC input
 650   1         if (AMUX_INPUT == (ANALOG_INPUTS - 1))
 651   1         {
 652   2            ADC0MX = PIN_TABLE[0] | 0x10;
 653   2         }
 654   1         else
 655   1         {
 656   2            ADC0MX = PIN_TABLE[AMUX_INPUT+1] | 0x10;
 657   2         }
 658   1         //SendMessageCAN0(EPCU_ERCP_MO,g_uTx_Data1);
 659   1        
 660   1      }
 661          
 662          
 663          INTERRUPT (TIMER3_ISR, INTERRUPT_TIMER3)
 664          {
 665   1        /*TMR3CN &= 0x7F;//clear flag
 666   1      
 667   1        PWM_APP *= 100;
 668   1        PWM_REL *= 100;
 669   1      
 670   1        PWM_Count++;
 671   1      
 672   1        if(PWM_Count > PWM_Period)
 673   1          PWM_Count = 0;
 674   1      
 675   1        if(PWM_Count < PWM_APP)
C51 COMPILER V9.53.0.0   MAIN                                                              06/10/2017 00:59:36 PAGE 12  

 676   1          APP_ON;
 677   1        else 
 678   1          APP_OFF;
 679   1      
 680   1        if(PWM_Count < PWM_REL)
 681   1          REL_ON;
 682   1        else
 683   1          REL_OFF;
 684   1      */
 685   1        
 686   1      }
 687          
 688          
 689          INTERRUPT (ADC0_ISR, INTERRUPT_ADC0_EOC)
 690          {
 691   1         static U16 int_dec = INT_DEC;       // Integrate/decimate counter
 692   1                                             // A new result is posted when
 693   1                                             // int_dec is 0
 694   1        
 695   1         U8 i;                               // Loop counter
 696   1      
 697   1      
 698   1         AD0INT = 0;                         // Clear ADC conversion complete
 699   1                                             // overflow
 700   1      
 701   1      
 702   1         accumulator[AMUX_INPUT] += ADC0;    // Read the ADC value and add it to the
 703   1                                             // running total
 704   1      
 705   1         // Reset sample counter <int_dec> and <AMUX_INPUT> if the final input was
 706   1         // just read
 707   1         if(AMUX_INPUT == (ANALOG_INPUTS - 1))
 708   1         {
 709   2            int_dec--;                       // Update decimation counter
 710   2                                             // when the last of the analog inputs
 711   2                                             // is sampled
 712   2      
 713   2            if (int_dec == 0)                // If zero, then post the averaged
 714   2            {                                // results
 715   3               int_dec = INT_DEC;            // Reset counter
 716   3      
 717   3               // Copy each averaged ADC0 value into the RESULT array
 718   3               for(i = 0; i < ANALOG_INPUTS; i++)
 719   3               {
 720   4                  // Copy averaged values into RESULT
 721   4                  RESULT[i] = accumulator[i] / int_dec;
 722   4      
 723   4                  // Reset accumulators
 724   4                  accumulator[i] = 0x00000000;
 725   4               }
 726   3            }
 727   2      
 728   2            AMUX_INPUT = 0;                  // Reset input index back to P0.1
 729   2         }
 730   1         // Otherwise, increment the AMUX channel counter
 731   1         else
 732   1         {
 733   2            AMUX_INPUT++;                    // Step to the next analog mux input
 734   2         }
 735   1         //smg_display(0xe,0xa,0xc,18);
 736   1      }
 737          
C51 COMPILER V9.53.0.0   MAIN                                                              06/10/2017 00:59:36 PAGE 13  

 738          
 739          
 740          
 741          
 742          void Yunzhuanwei()
 743          {
 744   1        MV53_OFF;
 745   1        MVEM_OFF;
 746   1      }
 747          void Chuzhiwei()
 748          {
 749   1        MV53_OFF;
 750   1        MVEM_OFF;
 751   1      }
 752          
 753          void Quanzhidongwei()
 754          {
 755   1        MV53_OFF;
 756   1        MVEM_OFF;
 757   1      }
 758          
 759          void Yizhiwei()
 760          {
 761   1        MV53_OFF;
 762   1        MVEM_OFF;
 763   1      }
 764          
 765          void Chonglianwei()
 766          {
 767   1        MV53_OFF;
 768   1        MVEM_OFF;
 769   1      }
 770          
 771          void Jinjiwei()
 772          {
 773   1        MV53_ON;
 774   1        MVEM_ON;
 775   1      }
 776          
 777          //-----------------------------------------------------------------------------
 778          // End Of File
 779          //-----------------------------------------------------------------------------


MODULE INFORMATION:   STATIC OVERLAYABLE
   CODE SIZE        =   2678    ----
   CONSTANT SIZE    =   ----    ----
   XDATA SIZE       =     99      14
   PDATA SIZE       =   ----    ----
   DATA SIZE        =   ----    ----
   IDATA SIZE       =   ----    ----
   BIT SIZE         =      2    ----
END OF MODULE INFORMATION.


C51 COMPILATION COMPLETE.  0 WARNING(S),  0 ERROR(S)
