C51 COMPILER V9.53.0.0   MAIN                                                              05/15/2017 16:51:58 PAGE 1   


C51 COMPILER V9.53.0.0, COMPILATION OF MODULE MAIN
OBJECT MODULE PLACED IN main.OBJ
COMPILER INVOKED BY: F:\Keil_v5\C51\BIN\c51.exe main.c DB OE BR INCDIR(c:\SiLabs\MCU\Inc)

line level    source

   1          //-----------------------------------------------------------------------------
   2          // Includes
   3          //-----------------------------------------------------------------------------
   4          #include "compiler_defs.h"
   5          #include "C8051F500_defs.h"            // SFR declarations
   6          
   7          //-----------------------------------------------------------------------------
   8          // Type Definitions
   9          //-----------------------------------------------------------------------------
  10          
  11          typedef union UU64
  12          {
  13             U32 U32[2];
  14             U16 U16[4];
  15             U8 U8[8];
  16          } UU64;
  17          
  18          //-----------------------------------------------------------------------------
  19          // Function Prototypes
  20          //-----------------------------------------------------------------------------
  21          
  22          void OSCILLATOR_Init (void);
  23          void PORT_Init (void);
  24          void CAN0_Init (void);
  25          void ADC0_Init(void);
  26          void Timer2_Init(void);
  27          void delay(U16 time);
  28          void DisplayNumber(U16 i);
  29          void CAN0_TransferMO (U8 obj_num);
  30          void Yunzhuanwei(void);
  31          void Chuzhiwei(void);
  32          void Quanzhidongwei(void);
  33          void Yizhiwei(void);
  34          void Chonglianwei(void);
  35          void Jinjiwei(void);
  36          void Syunzhuanwei();
  37          void Szhidongwei();
  38          void Ceya();
  39          
  40          INTERRUPT_PROTO (CAN0_ISR, INTERRUPT_CAN0);
  41          INTERRUPT_PROTO (TIMER2_ISR, INTERRUPT_TIMER2);
  42          
  43          //-----------------------------------------------------------------------------
  44          // Global Constants
  45          //-----------------------------------------------------------------------------
  46          
  47          #define SYSCLK       24000000          // System clock speed in Hz
  48          
  49          #define MESSAGE_OBJECTS    32          // Number of message objects to use
  50                                                 // Range is 1-32
  51          #define MESSAGE_SIZE        8          // Size in bytes of each CAN message
  52                                                 // Range is 1-8
  53          
  54          #define RX_COMPLETE_MASK  0xFFFFFFFF   // Set this to (2^MESSAGE_OBJECTS - 1)
  55          
C51 COMPILER V9.53.0.0   MAIN                                                              05/15/2017 16:51:58 PAGE 2   

  56          //-----------------------------------------------------------------------------
  57          // Bit Definition Masks
  58          //-----------------------------------------------------------------------------
  59          
  60          // CAN0STAT
  61          #define BOff  0x80                     // Busoff Status
  62          #define EWarn 0x40                     // Warning Status
  63          #define EPass 0x20                     // Error Passive
  64          #define RxOk  0x10                     // Receive Message Successfully
  65          #define TxOk  0x08                     // Transmitted Message Successfully
  66          #define LEC   0x07                     // Last Error Code
  67          
  68          //-----------------------------------------------------------------------------
  69          // Pin Definitions
  70          //-----------------------------------------------------------------------------
  71          
  72          SBIT (LED, SFR_P1, 3);                 // LED = 1 turns on the LED
  73          
  74          //-----------------------------------------------------------------------------
  75          // Global Variables
  76          //-----------------------------------------------------------------------------
  77          #define IPM_ID 0x001
  78          #define EBV_ID 0x002
  79          #define Broadcast_ID 0x003
  80          #define ERCP_ID 0x010
  81          #define BPCP_ID 0x011
  82          #define CP16_ID 0x012
  83          #define CP20_ID 0x013
  84          #define CP13_ID 0x014
  85          #define TIMER2_RELOAD  200000000
  86          #define ANALOG_INPUTS    4
  87          #define ERBU_ON (P1 &= ~0x40)
  88          #define ERBU_OFF (P1 |= 0x40)
  89          #define MV13S_ON ( P2 &= ~0x40)
  90          #define MV13S_OFF (P2 |= 0x40)
  91          #define MRCUT_ON (P2 &= ~0x80)
  92          #define MRCUT_OFF (P2 |= 0x80)
  93          //dispaly number define
  94          U8 dis[10]={ 0xC0,0xF9,0xA4,0xB0,0x99,0x92,0x82,0xF8,0x80,0x90 };
  95                             //   0    1    2    3    4    5    6    7    8    9 
  96          bit CAN_ERROR = 0;                     // 0 = No Errors occurred
  97                                                 // 1 = Some error(s) occurred
  98          U8 FaultCode = 0x00;
  99          U8 CAN_Tx_Buf[8] = {0xf1, 0x02, 0x03, 0x04, 0x05, 0x06, 0x07, 0x08};
 100          U8 CAN_Rx_Buf[8];
 101          U8 CAN_RX_COMPLETE;    
 102          U8 Rx_CP16_OK = 0;              
 103          
 104          U8 PIN_TABLE[ANALOG_INPUTS] = {0x00, 0x01, 0x02, 0x03};
 105          U8 AMUX_INPUT = 0;
 106          
 107          //-----------------------------------------------------------------------------
 108          // MAIN Routine
 109          //-----------------------------------------------------------------------------
 110          
 111          void main (void)
 112          {
 113   1         SFRPAGE = ACTIVE_PAGE;              // Set for PCA0MD
 114   1      
 115   1         PCA0MD &= ~0x40;                    // Disable Watchdog Timer
 116   1      
 117   1         OSCILLATOR_Init ();                 // Initialize oscillator
C51 COMPILER V9.53.0.0   MAIN                                                              05/15/2017 16:51:58 PAGE 3   

 118   1         PORT_Init ();                       // Initialize crossbar and GPIO
 119   1         CAN0_Init ();                       // Start CAN peripheral
 120   1         ADC0_Init ();
 121   1         Timer2_Init ();
 122   1      
 123   1         EIE2 |= 0x02;                       // Enable CAN interupts
 124   1         EA = 1;                             // Enable global interrupts
 125   1         P2 |= 0xC0;
 126   1         while (1)
 127   1         {
 128   2                      DisplayNumber(13);
 129   2                      if(Rx_CP16_OK)
 130   2                      {
 131   3                              CAN0_TransferMO(IPM_ID);
 132   3                              Rx_CP16_OK = 0;
 133   3                      }
 134   2         }
 135   1      }
 136          
 137          //-----------------------------------------------------------------------------
 138          // Initialization Subroutines
 139          //-----------------------------------------------------------------------------
 140          
 141          void OSCILLATOR_Init (void)
 142          {
 143   1         U8 SFRPAGE_save = SFRPAGE;
 144   1         SFRPAGE = CONFIG_PAGE;
 145   1      
 146   1         OSCICN = 0x87;                      // Set internal oscillator divider to 1
 147   1      
 148   1         SFRPAGE = SFRPAGE_save;
 149   1      }
 150          
 151          //-----------------------------------------------------------------------------
 152          // PORT_Init
 153          //-----------------------------------------------------------------------------
 154          
 155          void PORT_Init (void)
 156          {
 157   1         U8 SFRPAGE_save = SFRPAGE;
 158   1         SFRPAGE  = CONFIG_PAGE;             // Port SFR's on Configuration page
 159   1      
 160   1         P0MDOUT  |= 0x40;                   // P0.6 (CAN0 TX) is push-pull
 161   1         P1MDOUT  |= 0x08;                   // P1.3 (LED) is push-pull
 162   1         P1MDOUT &= 0xbf;                                             //P1^6 open drain for relay
 163   1        // P2MDIN |= 0xf0;                                             //ADC
 164   1        // P2SKIP |= 0x0f;                                             //ADC
 165   1         P2MDOUT |= 0xc0;                    //P2.6/7 for driving mosfet
 166   1         P3MDOUT |= 0xff;                            //P3 is push-pull to drive the LED.
 167   1         P4MDOUT |= 0x03;                            //P4   
 168   1      
 169   1         XBR0     = 0x02;                    // Enable CAN0 on Crossbar
 170   1         XBR2     = 0x40;                    // Enable Crossbar and weak pull-ups
 171   1      
 172   1         SFRPAGE = SFRPAGE_save;
 173   1      }
 174          
 175          //-----------------------------------------------------------------------------
 176          // ADC0_Init
 177          //-----------------------------------------------------------------------------
 178          void ADC0_Init(void)
 179          {
C51 COMPILER V9.53.0.0   MAIN                                                              05/15/2017 16:51:58 PAGE 4   

 180   1              U8 SFRPAGE_save = SFRPAGE;
 181   1              SFRPAGE = ACTIVE_PAGE;
 182   1      
 183   1              ADC0CF |= 0x01;
 184   1              ADC0H = 0x04;
 185   1              ADC0L = 0x6c;
 186   1              ADC0H = 0x07;
 187   1              ADC0L = 0xa0;
 188   1              ADC0H = 0x08;
 189   1              ADC0L = 0x01;
 190   1              ADC0CF &= ~0x01;
 191   1      
 192   1              ADC0CN = 0x10;           //0 start by writing 1 to AD0BUSY, 1 start by overflow of timer 1 , 3 by timer 2
 193   1      
 194   1              REF0CN = 0x33;
 195   1      
 196   1              ADC0MX = 0x10| PIN_TABLE[AMUX_INPUT];
 197   1      
 198   1              ADC0CF = ((SYSCLK /3000000) - 1) << 3;
 199   1      
 200   1      //      EIE1 |= 0x04;
 201   1      
 202   1              AD0EN = 1;
 203   1      
 204   1              SFRPAGE = SFRPAGE_save;
 205   1      
 206   1      }
 207          
 208          
 209          //-----------------------------------------------------------------------------
 210          // Timer2_Init
 211          //-----------------------------------------------------------------------------
 212          void Timer2_Init(void)
 213          {
 214   1         U8 SFRPAGE_save = SFRPAGE;
 215   1         SFRPAGE = ACTIVE_PAGE;
 216   1      
 217   1         CKCON &= ~0x30;                     // Timer2 uses SYSCLK/12
 218   1         TMR2CN &= ~0x01;
 219   1      
 220   1         TMR2RL = TIMER2_RELOAD;             // Reload value to be used in Timer2
 221   1         TMR2 = TMR2RL;                      // Init the Timer2 register
 222   1      
 223   1         TMR2CN = 0x04;                      // Enable Timer2 in auto-reload mode
 224   1         ET2 = 1;                            // Timer2 interrupt enabled
 225   1      
 226   1         SFRPAGE = SFRPAGE_save;
 227   1      }
 228          //-----------------------------------------------------------------------------
 229          // CAN0_Init
 230          //-----------------------------------------------------------------------------
 231          void CAN0_Init (void)
 232          {
 233   1         U8 iter;
 234   1      
 235   1         U8 SFRPAGE_save = SFRPAGE;
 236   1         SFRPAGE  = CAN0_PAGE;               // All CAN register are on page 0x0C
 237   1      
 238   1         CAN0CN |= 0x01;                     // Start Intialization mode
 239   1      
 240   1         //---------Initialize general CAN peripheral settings
 241   1      
C51 COMPILER V9.53.0.0   MAIN                                                              05/15/2017 16:51:58 PAGE 5   

 242   1         CAN0CN |= 0x4E;                     // Enable Status, Error,
 243   1                                             // Module Interrupts
 244   1                                             // Enable access to bit timing register
 245   1      
 246   1         // See the CAN Bit Timing Spreadsheet for how to calculate this value
 247   1         CAN0BT = 0x1402;                    // Based on 24 Mhz CAN clock, set the
 248   1                                             // CAN bit rate to 1 Mbps
 249   1      
 250   1         //---------Initialize settings common to all message objects
 251   1      
 252   1         // Command Mask Register
 253   1         CAN0IF1CM = 0x00F0;                 // Write Operation
 254   1                                             // Transfer ID Mask, MDir, MXtd
 255   1                                             // Transfer ID, Dir, Xtd, MsgVal
 256   1                                             // Transfer Control Bits
 257   1                                             // Don't set TxRqst or transfer data
 258   1      
 259   1         // Mask Registers
 260   1         CAN0IF1M1 = 0x0000;                 // Mask Bits 15-0 not used for filtering
 261   1         CAN0IF1M2 = 0x5FFC;                 // Ignore Extended Identifier for
 262   1                                             // filtering
 263   1                                             // Used Direction bit for filtering
 264   1                                             // Use ID bits 28-18 for filtering
 265   1      
 266   1         // Arbitration Registers
 267   1         CAN0IF1A1 = 0x0000;                 // 11-bit ID, so lower 16-bits not used
 268   1      
 269   1         // Message Control Registers
 270   1         CAN0IF1MC = 0x1480 | MESSAGE_SIZE;  // Enable Receive Interrupt
 271   1                                             // Message Object is a Single Message
 272   1                                             // Message Size set by #define
 273   1      
 274   1      
 275   1         //---------Initialize unique settings for Rx message object
 276   1      
 277   1         // Arbitration Registers
 278   1         CAN0IF1A2 = 0x8000 | (CP13_ID << 2);  // Set MsgVal to valid
 279   1                                               // Set Object Direction to read
 280   1                                               // Set 11-bit Identifier to iter
 281   1      
 282   1         CAN0IF1CR = CP13_ID;                // Start command request
 283   1      
 284   1            while (CAN0IF1CRH & 0x80) {}       // Poll on Busy bit
 285   1      
 286   1         CAN0IF1A2 = 0x8000 | (Broadcast_ID << 2);  // Set MsgVal to valid
 287   1                                               // Set Object Direction to read
 288   1                                               // Set 11-bit Identifier to iter
 289   1      
 290   1         CAN0IF1CR = Broadcast_ID;                // Start command request
 291   1      
 292   1            while (CAN0IF1CRH & 0x80) {}       // Poll on Busy bit
 293   1         // Message Control Registers
 294   1         CAN0IF1MC = 0x0080 | MESSAGE_SIZE;  // Disable Transmit Interrupt
 295   1                                             // Message Object is a Single Message
 296   1                                             // Message Size set by #define
 297   1      
 298   1         //---------Initialize unique settings for Tx message object
 299   1         // Arbitration Registers
 300   1         CAN0IF1A2 = 0xA000 | (IPM_ID << 2);  // Set MsgVal to valid
 301   1                                               // Set Direction to write
 302   1                                               // Set 11-bit Identifier to iter
 303   1      
C51 COMPILER V9.53.0.0   MAIN                                                              05/15/2017 16:51:58 PAGE 6   

 304   1         CAN0IF1CR = IPM_ID;                // Start command request
 305   1      
 306   1         while (CAN0IF1CRH & 0x80) {}       // Poll on Busy bit
 307   1      
 308   1         //---------Initialize settings for unused message objects
 309   1      
 310   1         for (iter = 0; iter < MESSAGE_OBJECTS; iter++)
 311   1         {
 312   2              if(iter != IPM_ID && iter != Broadcast_ID && iter != CP13_ID)
 313   2               {
 314   3            // Set remaining message objects to be Ignored
 315   3            CAN0IF1A2 = 0x0000;              // Set MsgVal to 0 to Ignore
 316   3            CAN0IF1CR = iter;                // Start command request
 317   3      
 318   3            while (CAN0IF1CRH & 0x80) {}     // Poll on Busy bit
 319   3                }
 320   2         }
 321   1      
 322   1         CAN0CN &= ~0x41;                    // Return to Normal Mode and disable
 323   1                                             // access to bit timing register
 324   1      
 325   1         SFRPAGE = SFRPAGE_save;
 326   1      }
 327          
 328          void CAN0_TransferMO (U8 obj_num)
 329          {
 330   1         // This function assumes that the message object is fully initialized
 331   1         // in CAN0_Init and so all it has to do is fill the data registers and
 332   1         // initiate transmission
 333   1      
 334   1         U8 SFRPAGE_save = SFRPAGE;
 335   1         SFRPAGE  = CAN0_PAGE;               // All CAN register are on page 0x0C
 336   1      
 337   1         // Initialize all 8 data bytes even though they might not be sent
 338   1         // The number to send was configured earlier by setting Message Control
 339   1      
 340   1         CAN0IF1DA1L = *CAN_Tx_Buf;              // Initialize data registers based
 341   1         CAN0IF1DA1H = *(CAN_Tx_Buf + 1);          // on message object used
 342   1         CAN0IF1DA2L = *(CAN_Tx_Buf + 2);
 343   1         CAN0IF1DA2H = *(CAN_Tx_Buf + 3);
 344   1         CAN0IF1DB1L = *(CAN_Tx_Buf + 4);
 345   1         CAN0IF1DB1H = *(CAN_Tx_Buf + 5);
 346   1         CAN0IF1DB2L = *(CAN_Tx_Buf + 6);
 347   1         CAN0IF1DB2H = *(CAN_Tx_Buf + 7);
 348   1      
 349   1         CAN0IF1CM = 0x0087;                 // Set Direction to Write
 350   1                                             // Write TxRqst, all 8 data bytes
 351   1      
 352   1         CAN0IF1CR = obj_num;                // Start command request
 353   1      
 354   1         while (CAN0IF1CRH & 0x80) {}        // Poll on Busy bit
 355   1      
 356   1         SFRPAGE = SFRPAGE_save;
 357   1      }
 358          //-----------------------------------------------------------------------------
 359          // Interrupt Service Routines
 360          //-----------------------------------------------------------------------------
 361          
 362          //-----------------------------------------------------------------------------
 363          // CAN0_ISR
 364          //-----------------------------------------------------------------------------
 365          INTERRUPT (CAN0_ISR, INTERRUPT_CAN0)
C51 COMPILER V9.53.0.0   MAIN                                                              05/15/2017 16:51:58 PAGE 7   

 366          {
 367   1         U8 carry;
 368   1         UU32 new_data;
 369   1      
 370   1         // SFRPAGE is set to CAN0_Page automatically when ISR starts
 371   1      
 372   1         U8 status = CAN0STAT;               // Read status, which clears the Status
 373   1                                             // Interrupt bit pending in CAN0IID
 374   1      
 375   1         U8 Interrupt_ID = CAN0IID;          // Read which message object caused
 376   1                                             // the interrupt
 377   1         // The CAN0ND registers tell which of the 32 message objects are new.
 378   1         // Read data from CAN registers and perform 1-bit right shift with carry
 379   1         new_data.U8[b0] = CAN0ND1L;         // With a big endian compiler, assign LSB
 380   1         new_data.U8[b1] = CAN0ND1H;
 381   1         new_data.U8[b2] = CAN0ND2L;
 382   1         new_data.U8[b3] = CAN0ND2H;         // Assign MSB
 383   1         carry = new_data.U8[b0] & 0x01;     // Store carry bit
 384   1         new_data.U32 = new_data.U32 >> 1;   // Perform 1-bit shift to realign
 385   1      
 386   1         if (carry)
 387   1         { // Add carry if necessary
 388   2            new_data.U8[b3] = new_data.U8[b3] | 0x80;
 389   2         }
 390   1      
 391   1         // new_data variable will now tell which message object is new.
 392   1      
 393   1         CAN0IF1CM = 0x007F;                 // Read all of message object to IF1
 394   1                                             // Clear IntPnd and newData
 395   1      
 396   1         CAN0IF1CR = Interrupt_ID;           // Start command request
 397   1      
 398   1         while (CAN0IF1CRH & 0x80) {}           // Poll on Busy bit
 399   1      
 400   1         if (status & RxOk )                  // If transmit completed successfully
 401   1         {
 402   2             // Read all 8 data bytes to rxdata, even though they might not be valid
 403   2            CAN_Rx_Buf[0] = CAN0IF1DA1L;
 404   2            CAN_Rx_Buf[1] = CAN0IF1DA1H;
 405   2            CAN_Rx_Buf[2] = CAN0IF1DA2L;
 406   2            CAN_Rx_Buf[3] = CAN0IF1DA2H;
 407   2            CAN_Rx_Buf[4] = CAN0IF1DB1L;
 408   2            CAN_Rx_Buf[5] = CAN0IF1DB1H;
 409   2            CAN_Rx_Buf[6] = CAN0IF1DB2L;
 410   2            CAN_Rx_Buf[7] = CAN0IF1DB2H;
 411   2            CAN_RX_COMPLETE = 1;
 412   2      
 413   2              if(Interrupt_ID == CP13_ID && CAN_Rx_Buf[3] == CP16_ID && CAN_Rx_Buf[4] == 0x00)
 414   2                      Rx_CP16_OK = 1;
 415   2              if(Interrupt_ID == Broadcast_ID && CAN_Rx_Buf[3] == IPM_ID)         //Check Information
 416   2              {       
 417   3                      if( CAN_Rx_Buf[1] == 0x01 )
 418   3                      {
 419   4                              switch(CAN_Rx_Buf[0])
 420   4                              {
 421   5                                      case 0x01: Yunzhuanwei(); break;       //Go to Yunzhuanwei
 422   5                                      case 0x02: Chuzhiwei(); break;
 423   5                                      case 0x04: Quanzhidongwei(); break;
 424   5                                      case 0x08: Yizhiwei(); break;
 425   5                                      case 0x10: Chonglianwei(); break;
 426   5                                      case 0x20: Jinjiwei(); break;
 427   5                                      default:break;
C51 COMPILER V9.53.0.0   MAIN                                                              05/15/2017 16:51:58 PAGE 8   

 428   5                              }
 429   4                              CAN_Tx_Buf[0] = CAN_Rx_Buf[0];
 430   4                              CAN_Tx_Buf[1] = CAN_Rx_Buf[1];
 431   4                              CAN_Tx_Buf[3] = CP13_ID;
 432   4                              CAN_Tx_Buf[4] = FaultCode;
 433   4                      }
 434   3                      else if(CAN_Rx_Buf[1] == 0x02 )
 435   3                      {
 436   4                              switch(CAN_Rx_Buf[0])
 437   4                              {
 438   5                                      case 0x01: Syunzhuanwei();break;
 439   5                                      case 0x02: Szhidongwei();break;
 440   5                                      case 0x04: Ceya();break;
 441   5                                      default:break;
 442   5                              }       
 443   4                              CAN_Tx_Buf[0] = CAN_Rx_Buf[0];
 444   4                              CAN_Tx_Buf[1] = CAN_Rx_Buf[1];
 445   4                              CAN_Tx_Buf[3] = CP13_ID;
 446   4                              CAN_Tx_Buf[4] = FaultCode;
 447   4      
 448   4                              CAN0_TransferMO(IPM_ID);
 449   4                      }
 450   3                      else if (CAN_Rx_Buf[1] == 0x11)
 451   3                      {
 452   4                              CAN_Tx_Buf[0] = CAN_Rx_Buf[0];
 453   4                              CAN_Tx_Buf[1] = CAN_Rx_Buf[1];
 454   4                              CAN_Tx_Buf[3] = CP13_ID;
 455   4                              CAN_Tx_Buf[4] = FaultCode;
 456   4      
 457   4                              CAN0_TransferMO(IPM_ID);
 458   4                      }
 459   3              }
 460   2         }
 461   1         // If an error occured, simply update the global variable and continue
 462   1         if (status & LEC)
 463   1         {
 464   2             // The LEC bits identify the type of error, but those are grouped here
 465   2             if ((status & LEC) != 0x07)
 466   2             {
 467   3                CAN_ERROR = 1;
 468   3             }
 469   2         }
 470   1      
 471   1         if (status & BOff)
 472   1         {
 473   2            CAN_ERROR = 1;
 474   2         }
 475   1      
 476   1         if (status & EWarn)
 477   1         {
 478   2            CAN_ERROR = 1;
 479   2         }
 480   1      
 481   1         // Old SFRPAGE is popped off stack when ISR exits
 482   1      }
 483          
 484          INTERRUPT (TIMER2_ISR, INTERRUPT_TIMER2)
 485          {
 486   1      
 487   1      //      DisplayNumber(2);
 488   1         TF2H = 0;                           // Reset Interrupt
 489   1         
C51 COMPILER V9.53.0.0   MAIN                                                              05/15/2017 16:51:58 PAGE 9   

 490   1      }
 491          
 492          
 493          //for delay time
 494          void delay(U16 time)         //int型数据为16位,所以最大值为65535            
 495           {
 496   1        U16  i,j;             //定义变量i,j,用于循环语句 
 497   1        for(i=0;i<time;i++)    //for循环,循环50*time次
 498   1           for(j=0;j<100;j++); //for循环,循环50次
 499   1       }
 500          
 501           //display number
 502          void DisplayNumber(U16 i)
 503          {
 504   1              
 505   1              P3 |= dis[i/1000];
 506   1              P4 = 0x01;
 507   1              P4 = 0x00;
 508   1              P3 = 0x01;     //chose the thousand
 509   1              P4 = 0x02;
 510   1              P4 = 0x00;
 511   1              delay(10);
 512   1              P3 &= 0x00;
 513   1      
 514   1      
 515   1      
 516   1              P3 |= dis[(i%1000)/100];
 517   1              P4 = 0x01;
 518   1              P4 = 0x00;
 519   1              P3 = 0x02;
 520   1              P4 = 0x02;
 521   1              P4 = 0x00;
 522   1              delay(10);
 523   1              P3 = 0x00;
 524   1      
 525   1      
 526   1      
 527   1      
 528   1              P3 |= dis[(i%100) / 10];
 529   1              P4 = 0x01;
 530   1              P4 = 0x00;
 531   1              P3 = 0x04;
 532   1              P4 = 0x02;
 533   1              P4 = 0x00;
 534   1              delay(10);
 535   1              P3 &= 0x00;
 536   1      
 537   1      
 538   1              P3 = 0;
 539   1              P3 |= dis[i%10];
 540   1              P4 = 0x01;
 541   1              P4 = 0x00;
 542   1              P3 = 0x08;
 543   1              P4 = 0x02;
 544   1              P4 = 0x00;
 545   1              delay(10);
 546   1              P3 &= 0x00;
 547   1              
 548   1      
 549   1      }
 550          
 551          void Yunzhuanwei()
C51 COMPILER V9.53.0.0   MAIN                                                              05/15/2017 16:51:58 PAGE 10  

 552          {
 553   1              MRCUT_OFF;
 554   1              ERBU_OFF;
 555   1              if(CAN_Rx_Buf[1] & 0x04)
 556   1                      ERBU_ON;
 557   1      }
 558          void Chuzhiwei()
 559          {
 560   1              MRCUT_ON;
 561   1              ERBU_OFF;
 562   1              if(CAN_Rx_Buf[1] & 0x04)
 563   1                      ERBU_ON;
 564   1      }
 565          
 566          void Quanzhidongwei()
 567          {
 568   1              MRCUT_ON;
 569   1              ERBU_OFF;
 570   1              if(CAN_Rx_Buf[1] & 0x04)
 571   1                      ERBU_ON;
 572   1      }
 573          
 574          void Yizhiwei()
 575          {
 576   1              MRCUT_ON;
 577   1              ERBU_OFF;       
 578   1              if(CAN_Rx_Buf[1] & 0x04)
 579   1                      ERBU_ON;
 580   1      }
 581          
 582          void Chonglianwei()
 583          {
 584   1              MRCUT_ON;
 585   1              ERBU_OFF;
 586   1              if(CAN_Rx_Buf[1] & 0x04)
 587   1                      ERBU_ON;
 588   1      }
 589          
 590          void Jinjiwei()
 591          {
 592   1              MRCUT_ON;
 593   1              ERBU_OFF;
 594   1              if(CAN_Rx_Buf[1] & 0x04)
 595   1                      ERBU_ON;
 596   1      
 597   1      }
 598          
 599          void Syunzhuanwei()
 600          {
 601   1              MRCUT_ON;
 602   1              MV13S_OFF;
 603   1              ERBU_OFF;
 604   1              if(CAN_Rx_Buf[1] & 0x04)
 605   1                      ERBU_ON;
 606   1      }
 607          
 608          void Szhidongwei()
 609          {
 610   1              MRCUT_ON;
 611   1              MV13S_OFF;
 612   1              ERBU_OFF;
 613   1              if(CAN_Rx_Buf[1] & 0x04)
C51 COMPILER V9.53.0.0   MAIN                                                              05/15/2017 16:51:58 PAGE 11  

 614   1                      ERBU_ON;
 615   1      }
 616          
 617          void Ceya()
 618          {
 619   1              MRCUT_ON;
 620   1              MV13S_ON;
 621   1              ERBU_OFF;
 622   1              if(CAN_Rx_Buf[1] & 0x04)
 623   1                      ERBU_ON;
 624   1      }
 625          //-----------------------------------------------------------------------------
 626          // End Of File
 627          //-----------------------------------------------------------------------------
 628          


MODULE INFORMATION:   STATIC OVERLAYABLE
   CODE SIZE        =   1071    ----
   CONSTANT SIZE    =   ----    ----
   XDATA SIZE       =   ----    ----
   PDATA SIZE       =   ----    ----
   DATA SIZE        =     34       7
   IDATA SIZE       =   ----    ----
   BIT SIZE         =      1    ----
END OF MODULE INFORMATION.


C51 COMPILATION COMPLETE.  0 WARNING(S),  0 ERROR(S)
