Added Component: Designator=C1(106E)
Added Component: Designator=C2(0805)
Added Component: Designator=C4(106E)
Added Component: Designator=C7(0805)
Added Component: Designator=C8(0805)
Added Component: Designator=C9(106E)
Added Component: Designator=C10(106E)
Added Component: Designator=C11(106E)
Added Component: Designator=C12(0805)
Added Component: Designator=C13(0805)
Added Component: Designator=C14(106E)
Added Component: Designator=C16(106E)
Added Component: Designator=C17(106E)
Added Component: Designator=C18(0805)
Added Component: Designator=C19(0805)
Added Component: Designator=C20(0805)
Added Component: Designator=C24(106E)
Added Component: Designator=C30(106E)
Added Component: Designator=C33(RB.2/.4)
Added Component: Designator=C34(0805)
Added Component: Designator=C35(0805)
Added Component: Designator=D1(DO-41)
Added Component: Designator=D2(DO-41)
Added Component: Designator=D3(DO-41)
Added Component: Designator=D4(DO-41)
Added Component: Designator=D5(DO-41)
Added Component: Designator=DS1(1206DIODE)
Added Component: Designator=DS2(1206DIODE)
Added Component: Designator=DS3(1206DIODE)
Added Component: Designator=DS4(1206DIODE)
Added Component: Designator=DS5(1206DIODE)
Added Component: Designator=J1(254-3)
Added Component: Designator=J2(DC3-10P)
Added Component: Designator=J4(HDR1X6)
Added Component: Designator=Q1(TO-226-AA)
Added Component: Designator=Q2(TO-226-AA)
Added Component: Designator=R1(0805)
Added Component: Designator=R5(0805)
Added Component: Designator=R7(0805)
Added Component: Designator=R10(0805)
Added Component: Designator=R12(0805)
Added Component: Designator=R14(0805)
Added Component: Designator=R21(0805)
Added Component: Designator=R23(0805)
Added Component: Designator=R24(0805)
Added Component: Designator=R33(0805)
Added Component: Designator=R34(0805)
Added Component: Designator=R35(0805)
Added Component: Designator=U2(lm324)
Added Component: Designator=U6(TLP521-1)
Added Component: Designator=U7(TLP521-1)
Added Component: Designator=U8(TQFP-48)
Added Component: Designator=U9(SOL-20)
Added Component: Designator=U10(SOL-20)
Added Component: Designator=U11(SO-8)
Added Pin To Net: NetName=+5V Pin=C1-1
Added Pin To Net: NetName=+5V Pin=C2-2
Added Pin To Net: NetName=+5V Pin=C9-1
Added Pin To Net: NetName=+5V Pin=C12-2
Added Pin To Net: NetName=+5V Pin=C33-1
Added Pin To Net: NetName=+5V Pin=C34-1
Added Pin To Net: NetName=+5V Pin=C35-1
Added Pin To Net: NetName=+5V Pin=J2-10
Added Pin To Net: NetName=+5V Pin=J4-2
Added Pin To Net: NetName=+5V Pin=J4-4
Added Pin To Net: NetName=+5V Pin=J4-6
Added Pin To Net: NetName=+5V Pin=R5-1
Added Pin To Net: NetName=+5V Pin=R21-2
Added Pin To Net: NetName=+5V Pin=R23-1
Added Pin To Net: NetName=+5V Pin=R24-1
Added Pin To Net: NetName=+5V Pin=R33-1
Added Pin To Net: NetName=+5V Pin=R34-1
Added Pin To Net: NetName=+5V Pin=R35-2
Added Pin To Net: NetName=+5V Pin=U7-4
Added Pin To Net: NetName=+5V Pin=U8-2
Added Pin To Net: NetName=+5V Pin=U8-3
Added Pin To Net: NetName=+5V Pin=U9-20
Added Pin To Net: NetName=+5V Pin=U10-20
Added Pin To Net: NetName=+5V Pin=U11-8
Added Net: Name=+5V
Added Pin To Net: NetName=+24V Pin=C10-1
Added Pin To Net: NetName=+24V Pin=C13-2
Added Pin To Net: NetName=+24V Pin=D1-2
Added Pin To Net: NetName=+24V Pin=D3-2
Added Pin To Net: NetName=+24V Pin=R1-2
Added Pin To Net: NetName=+24V Pin=R12-2
Added Pin To Net: NetName=+24V Pin=U2-4
Added Pin To Net: NetName=+24V Pin=U6-4
Added Net: Name=+24V
Added Pin To Net: NetName=74V_SIGNAL Pin=U7-3
Added Pin To Net: NetName=74V_SIGNAL Pin=U8-35
Added Net: Name=74V_SIGNAL
Added Net: Name=74VGND
Added Pin To Net: NetName=C2D Pin=J2-4
Added Pin To Net: NetName=C2D Pin=U8-11
Added Net: Name=C2D
Added Pin To Net: NetName=CAN_RX Pin=U8-43
Added Net: Name=CAN_RX
Added Pin To Net: NetName=CAN_TX Pin=U8-44
Added Net: Name=CAN_TX
Added Pin To Net: NetName=DB3_0 Pin=U8-26
Added Pin To Net: NetName=DB3_0 Pin=U9-2
Added Pin To Net: NetName=DB3_0 Pin=U10-2
Added Net: Name=DB3_0
Added Pin To Net: NetName=DB3_1 Pin=U8-25
Added Pin To Net: NetName=DB3_1 Pin=U9-3
Added Pin To Net: NetName=DB3_1 Pin=U10-3
Added Net: Name=DB3_1
Added Pin To Net: NetName=DB3_2 Pin=U8-24
Added Pin To Net: NetName=DB3_2 Pin=U9-4
Added Pin To Net: NetName=DB3_2 Pin=U10-4
Added Net: Name=DB3_2
Added Pin To Net: NetName=DB3_3 Pin=U8-23
Added Pin To Net: NetName=DB3_3 Pin=U9-5
Added Pin To Net: NetName=DB3_3 Pin=U10-5
Added Net: Name=DB3_3
Added Pin To Net: NetName=DB3_4 Pin=U8-22
Added Pin To Net: NetName=DB3_4 Pin=U9-6
Added Pin To Net: NetName=DB3_4 Pin=U10-6
Added Net: Name=DB3_4
Added Pin To Net: NetName=DB3_5 Pin=U8-21
Added Pin To Net: NetName=DB3_5 Pin=U9-7
Added Pin To Net: NetName=DB3_5 Pin=U10-7
Added Net: Name=DB3_5
Added Pin To Net: NetName=DB3_6 Pin=U8-20
Added Pin To Net: NetName=DB3_6 Pin=U9-8
Added Pin To Net: NetName=DB3_6 Pin=U10-8
Added Net: Name=DB3_6
Added Pin To Net: NetName=DB3_7 Pin=U8-19
Added Pin To Net: NetName=DB3_7 Pin=U9-9
Added Pin To Net: NetName=DB3_7 Pin=U10-9
Added Net: Name=DB3_7
Added Pin To Net: NetName=DIG1 Pin=U10-19
Added Net: Name=DIG1
Added Pin To Net: NetName=DIG2 Pin=U10-18
Added Net: Name=DIG2
Added Pin To Net: NetName=DIG3 Pin=U10-17
Added Net: Name=DIG3
Added Pin To Net: NetName=DIG4 Pin=U10-16
Added Net: Name=DIG4
Added Pin To Net: NetName=DULA Pin=U8-18
Added Pin To Net: NetName=DULA Pin=U9-11
Added Net: Name=DULA
Added Pin To Net: NetName=GNDA Pin=C14-2
Added Pin To Net: NetName=GNDA Pin=C17-2
Added Pin To Net: NetName=GNDA Pin=C18-1
Added Pin To Net: NetName=GNDA Pin=C20-1
Added Pin To Net: NetName=GNDA Pin=R14-1
Added Pin To Net: NetName=GNDA Pin=U8-7
Added Net: Name=GNDA
Added Pin To Net: NetName=GND Pin=C1-2
Added Pin To Net: NetName=GND Pin=C2-1
Added Pin To Net: NetName=GND Pin=C4-2
Added Pin To Net: NetName=GND Pin=C7-1
Added Pin To Net: NetName=GND Pin=C8-1
Added Pin To Net: NetName=GND Pin=C9-2
Added Pin To Net: NetName=GND Pin=C10-2
Added Pin To Net: NetName=GND Pin=C11-2
Added Pin To Net: NetName=GND Pin=C12-1
Added Pin To Net: NetName=GND Pin=C13-1
Added Pin To Net: NetName=GND Pin=C16-2
Added Pin To Net: NetName=GND Pin=C19-1
Added Pin To Net: NetName=GND Pin=C24-2
Added Pin To Net: NetName=GND Pin=C30-2
Added Pin To Net: NetName=GND Pin=C33-2
Added Pin To Net: NetName=GND Pin=C34-2
Added Pin To Net: NetName=GND Pin=C35-2
Added Pin To Net: NetName=GND Pin=D2-1
Added Pin To Net: NetName=GND Pin=D4-1
Added Pin To Net: NetName=GND Pin=D5-1
Added Pin To Net: NetName=GND Pin=DS3-2
Added Pin To Net: NetName=GND Pin=DS4-2
Added Pin To Net: NetName=GND Pin=DS5-2
Added Pin To Net: NetName=GND Pin=J2-2
Added Pin To Net: NetName=GND Pin=J2-3
Added Pin To Net: NetName=GND Pin=J2-9
Added Pin To Net: NetName=GND Pin=Q1-1
Added Pin To Net: NetName=GND Pin=Q2-1
Added Pin To Net: NetName=GND Pin=R14-2
Added Pin To Net: NetName=GND Pin=U2-11
Added Pin To Net: NetName=GND Pin=U8-6
Added Pin To Net: NetName=GND Pin=U9-1
Added Pin To Net: NetName=GND Pin=U9-10
Added Pin To Net: NetName=GND Pin=U10-1
Added Pin To Net: NetName=GND Pin=U10-10
Added Pin To Net: NetName=GND Pin=U11-1
Added Pin To Net: NetName=GND Pin=U11-2
Added Pin To Net: NetName=GND Pin=U11-3
Added Pin To Net: NetName=GND Pin=U11-4
Added Pin To Net: NetName=GND Pin=U11-7
Added Net: Name=GND
Added Pin To Net: NetName=KEY1 Pin=R34-2
Added Pin To Net: NetName=KEY1 Pin=U8-30
Added Net: Name=KEY1
Added Pin To Net: NetName=KEY2 Pin=R35-1
Added Pin To Net: NetName=KEY2 Pin=U8-29
Added Net: Name=KEY2
Added Pin To Net: NetName=MOS1 Pin=U8-28
Added Net: Name=MOS1
Added Pin To Net: NetName=MOS2 Pin=U8-27
Added Net: Name=MOS2
Added Pin To Net: NetName=NetC3_2 Pin=Q1-3
Added Net: Name=NetC3_2
Added Pin To Net: NetName=NetC5_1 Pin=U2-3
Added Net: Name=NetC5_1
Added Pin To Net: NetName=NetC7_2 Pin=C7-2
Added Pin To Net: NetName=NetC7_2 Pin=C8-2
Added Pin To Net: NetName=NetC7_2 Pin=J2-5
Added Pin To Net: NetName=NetC7_2 Pin=R5-2
Added Pin To Net: NetName=NetC7_2 Pin=R7-1
Added Net: Name=NetC7_2
Added Pin To Net: NetName=NetC15_1 Pin=U2-5
Added Net: Name=NetC15_1
Added Pin To Net: NetName=NetC21_2 Pin=Q2-3
Added Net: Name=NetC21_2
Added Pin To Net: NetName=NetC26_1 Pin=U2-10
Added Net: Name=NetC26_1
Added Pin To Net: NetName=NetC31_1 Pin=U7-1
Added Net: Name=NetC31_1
Added Pin To Net: NetName=NetC32_1 Pin=U2-12
Added Net: Name=NetC32_1
Added Pin To Net: NetName=NetD1_1 Pin=D1-1
Added Pin To Net: NetName=NetD1_1 Pin=DS1-2
Added Net: Name=NetD1_1
Added Pin To Net: NetName=NetD2_2 Pin=D2-2
Added Net: Name=NetD2_2
Added Pin To Net: NetName=NetD3_1 Pin=D3-1
Added Pin To Net: NetName=NetD3_1 Pin=DS2-2
Added Net: Name=NetD3_1
Added Pin To Net: NetName=NetD4_2 Pin=D4-2
Added Net: Name=NetD4_2
Added Pin To Net: NetName=NetD5_2 Pin=D5-2
Added Pin To Net: NetName=NetD5_2 Pin=U6-3
Added Net: Name=NetD5_2
Added Pin To Net: NetName=NetDS1_1 Pin=DS1-1
Added Pin To Net: NetName=NetDS1_1 Pin=R1-1
Added Net: Name=NetDS1_1
Added Pin To Net: NetName=NetDS2_1 Pin=DS2-1
Added Pin To Net: NetName=NetDS2_1 Pin=R12-1
Added Net: Name=NetDS2_1
Added Pin To Net: NetName=NetDS3_1 Pin=DS3-1
Added Pin To Net: NetName=NetDS3_1 Pin=R33-2
Added Net: Name=NetDS3_1
Added Pin To Net: NetName=NetDS4_1 Pin=DS4-1
Added Net: Name=NetDS4_1
Added Pin To Net: NetName=NetDS5_1 Pin=DS5-1
Added Net: Name=NetDS5_1
Added Pin To Net: NetName=NetJ1_1 Pin=J1-1
Added Net: Name=NetJ1_1
Added Pin To Net: NetName=NetJ1_2 Pin=J1-2
Added Net: Name=NetJ1_2
Added Pin To Net: NetName=NetJ1_3 Pin=J1-3
Added Net: Name=NetJ1_3
Added Pin To Net: NetName=NetJ4_1 Pin=J4-1
Added Net: Name=NetJ4_1
Added Pin To Net: NetName=NetJ4_3 Pin=J4-3
Added Net: Name=NetJ4_3
Added Pin To Net: NetName=NetJ4_5 Pin=J4-5
Added Net: Name=NetJ4_5
Added Net: Name=NetJB3_1
Added Net: Name=NetJB3_2
Added Net: Name=NetJB3_3
Added Pin To Net: NetName=NetQ1_2 Pin=Q1-2
Added Net: Name=NetQ1_2
Added Pin To Net: NetName=NetQ2_2 Pin=Q2-2
Added Net: Name=NetQ2_2
Added Pin To Net: NetName=NetR21_1 Pin=R21-1
Added Pin To Net: NetName=NetR21_1 Pin=U8-39
Added Net: Name=NetR21_1
Added Pin To Net: NetName=NetR22_1 Pin=U6-1
Added Net: Name=NetR22_1
Added Pin To Net: NetName=NetR23_2 Pin=R23-2
Added Pin To Net: NetName=NetR23_2 Pin=U8-38
Added Net: Name=NetR23_2
Added Pin To Net: NetName=NetR24_2 Pin=R24-2
Added Pin To Net: NetName=NetR24_2 Pin=U8-37
Added Net: Name=NetR24_2
Added Pin To Net: NetName=NetR28_1 Pin=U7-2
Added Net: Name=NetR28_1
Added Pin To Net: NetName=NetS2_1 Pin=U9-19
Added Net: Name=NetS2_1
Added Pin To Net: NetName=NetS2_2 Pin=U9-18
Added Net: Name=NetS2_2
Added Pin To Net: NetName=NetS2_3 Pin=U9-17
Added Net: Name=NetS2_3
Added Pin To Net: NetName=NetS2_4 Pin=U9-16
Added Net: Name=NetS2_4
Added Pin To Net: NetName=NetS2_5 Pin=U9-15
Added Net: Name=NetS2_5
Added Pin To Net: NetName=NetS2_6 Pin=U9-14
Added Net: Name=NetS2_6
Added Pin To Net: NetName=NetS2_7 Pin=U9-13
Added Net: Name=NetS2_7
Added Pin To Net: NetName=NetS2_8 Pin=U9-12
Added Net: Name=NetS2_8
Added Pin To Net: NetName=P2.4 Pin=U6-2
Added Pin To Net: NetName=P2.4 Pin=U8-36
Added Net: Name=P2.4
Added Pin To Net: NetName=RST Pin=J2-7
Added Pin To Net: NetName=RST Pin=R7-2
Added Pin To Net: NetName=RST Pin=U8-12
Added Net: Name=RST
Added Pin To Net: NetName=RXD Pin=U8-45
Added Net: Name=RXD
Added Pin To Net: NetName=SCL_P1.2 Pin=U8-40
Added Pin To Net: NetName=SCL_P1.2 Pin=U11-6
Added Net: Name=SCL_P1.2
Added Pin To Net: NetName=SDA_P1.1 Pin=U8-41
Added Pin To Net: NetName=SDA_P1.1 Pin=U11-5
Added Net: Name=SDA_P1.1
Added Pin To Net: NetName=TXD Pin=U8-46
Added Net: Name=TXD
Added Pin To Net: NetName=VDDA Pin=C17-1
Added Pin To Net: NetName=VDDA Pin=C20-2
Added Pin To Net: NetName=VDDA Pin=R10-1
Added Pin To Net: NetName=VDDA Pin=U8-5
Added Net: Name=VDDA
Added Pin To Net: NetName=VDD Pin=C16-1
Added Pin To Net: NetName=VDD Pin=C19-2
Added Pin To Net: NetName=VDD Pin=R10-2
Added Pin To Net: NetName=VDD Pin=U8-4
Added Net: Name=VDD
Added Pin To Net: NetName=VREF Pin=C14-1
Added Pin To Net: NetName=VREF Pin=C18-2
Added Pin To Net: NetName=VREF Pin=U8-8
Added Net: Name=VREF
Added Pin To Net: NetName=WELA Pin=U8-17
Added Pin To Net: NetName=WELA Pin=U10-11
Added Net: Name=WELA
Added Pin To Net: NetName=YLCGQ1_IN Pin=C4-1
Added Pin To Net: NetName=YLCGQ1_IN Pin=U2-1
Added Pin To Net: NetName=YLCGQ1_IN Pin=U2-2
Added Pin To Net: NetName=YLCGQ1_IN Pin=U8-34
Added Net: Name=YLCGQ1_IN
Added Pin To Net: NetName=YLCGQ2_IN Pin=C11-1
Added Pin To Net: NetName=YLCGQ2_IN Pin=U2-6
Added Pin To Net: NetName=YLCGQ2_IN Pin=U2-7
Added Pin To Net: NetName=YLCGQ2_IN Pin=U8-33
Added Net: Name=YLCGQ2_IN
Added Pin To Net: NetName=YLCGQ3_IN Pin=C24-1
Added Pin To Net: NetName=YLCGQ3_IN Pin=U2-8
Added Pin To Net: NetName=YLCGQ3_IN Pin=U2-9
Added Pin To Net: NetName=YLCGQ3_IN Pin=U8-32
Added Net: Name=YLCGQ3_IN
Added Pin To Net: NetName=YLCGQ4_IN Pin=C30-1
Added Pin To Net: NetName=YLCGQ4_IN Pin=U2-13
Added Pin To Net: NetName=YLCGQ4_IN Pin=U2-14
Added Pin To Net: NetName=YLCGQ4_IN Pin=U8-31
Added Net: Name=YLCGQ4_IN
Added Class: Name=EPCU
Added Room: Name=EPCU
