C51 COMPILER V9.53.0.0   MAIN                                                              05/15/2017 15:31:44 PAGE 1   


C51 COMPILER V9.53.0.0, COMPILATION OF MODULE MAIN
OBJECT MODULE PLACED IN main.OBJ
COMPILER INVOKED BY: F:\Keil_v5\C51\BIN\c51.exe main.c DB OE BR INCDIR(c:\SiLabs\MCU\Inc)

line level    source

   1          //-----------------------------------------------------------------------------
   2          // Includes
   3          //-----------------------------------------------------------------------------
   4          #include "compiler_defs.h"
   5          #include "C8051F500_defs.h"            // SFR declarations
   6          
   7          //-----------------------------------------------------------------------------
   8          // Type Definitions
   9          //-----------------------------------------------------------------------------
  10          
  11          typedef union UU64
  12          {
  13             U32 U32[2];
  14             U16 U16[4];
  15             U8 U8[8];
  16          } UU64;
  17          
  18          //-----------------------------------------------------------------------------
  19          // Function Prototypes
  20          //-----------------------------------------------------------------------------
  21          
  22          void OSCILLATOR_Init (void);
  23          void PORT_Init (void);
  24          void CAN0_Init (void);
  25          void ADC0_Init(void);
  26          void Timer2_Init(void);
  27          void delay(U16 time);
  28          void DisplayNumber(U16 i);
  29          void CAN0_TransferMO (U8 obj_num);
  30          void Yunzhuanwei(void);
  31          void Chuzhiwei(void);
  32          void Quanzhidongwei(void);
  33          void Yizhiwei(void);
  34          void Chonglianwei(void);
  35          void Jinjiwei(void);
  36          
  37          INTERRUPT_PROTO (CAN0_ISR, INTERRUPT_CAN0);
  38          INTERRUPT_PROTO (TIMER2_ISR, INTERRUPT_TIMER2);
  39          
  40          //-----------------------------------------------------------------------------
  41          // Global Constants
  42          //-----------------------------------------------------------------------------
  43          
  44          #define SYSCLK       24000000          // System clock speed in Hz
  45          
  46          #define MESSAGE_OBJECTS    32          // Number of message objects to use
  47                                                 // Range is 1-32
  48          #define MESSAGE_SIZE        8          // Size in bytes of each CAN message
  49                                                 // Range is 1-8
  50          
  51          #define RX_COMPLETE_MASK  0xFFFFFFFF   // Set this to (2^MESSAGE_OBJECTS - 1)
  52          
  53          //-----------------------------------------------------------------------------
  54          // Bit Definition Masks
  55          //-----------------------------------------------------------------------------
C51 COMPILER V9.53.0.0   MAIN                                                              05/15/2017 15:31:44 PAGE 2   

  56          
  57          // CAN0STAT
  58          #define BOff  0x80                     // Busoff Status
  59          #define EWarn 0x40                     // Warning Status
  60          #define EPass 0x20                     // Error Passive
  61          #define RxOk  0x10                     // Receive Message Successfully
  62          #define TxOk  0x08                     // Transmitted Message Successfully
  63          #define LEC   0x07                     // Last Error Code
  64          
  65          //-----------------------------------------------------------------------------
  66          // Pin Definitions
  67          //-----------------------------------------------------------------------------
  68          
  69          SBIT (LED, SFR_P1, 3);                 // LED = 1 turns on the LED
  70          
  71          //-----------------------------------------------------------------------------
  72          // Global Variables
  73          //-----------------------------------------------------------------------------
  74          #define IPM_ID 0x001
  75          #define EBV_ID 0x002
  76          #define Broadcast_ID 0x003
  77          #define ERCP_ID 0x010
  78          #define BPCP_ID 0x011
  79          #define CP16_ID 0x012
  80          #define TIMER2_RELOAD  200000000
  81          #define ANALOG_INPUTS    4
  82          #define RelayON (P1 &= ~0x40)
  83          #define RelayOFF (P1 |= 0x40)
  84          #define APP_ON ( P2 &= ~0x40)
  85          #define APP_OFF (P2 |= 0x40)
  86          #define REL_ON (P2 &= ~0x80)
  87          #define REL_OFF (P2 |= 0x80)
  88          //dispaly number define
  89          U8 dis[10]={ 0xC0,0xF9,0xA4,0xB0,0x99,0x92,0x82,0xF8,0x80,0x90 };
  90                             //   0    1    2    3    4    5    6    7    8    9 
  91          bit CAN_ERROR = 0;                     // 0 = No Errors occurred
  92                                                 // 1 = Some error(s) occurred
  93          U8 FaultCode = 0x00;
  94          
  95          U8 CAN_Tx_Buf[8] = {0xf1, 0x02, 0x03, 0x04, 0x05, 0x06, 0x07, 0x08};
  96          U8 CAN_Rx_Buf[8];
  97          U8 CAN_RX_COMPLETE;                  
  98          
  99          U8 PIN_TABLE[ANALOG_INPUTS] = {0x00, 0x01, 0x02, 0x03};
 100          U8 AMUX_INPUT = 0;
 101          
 102          //-----------------------------------------------------------------------------
 103          // MAIN Routine
 104          //-----------------------------------------------------------------------------
 105          
 106          void main (void)
 107          {
 108   1      
 109   1         SFRPAGE = ACTIVE_PAGE;              // Set for PCA0MD
 110   1      
 111   1         PCA0MD &= ~0x40;                    // Disable Watchdog Timer
 112   1      
 113   1         OSCILLATOR_Init ();                 // Initialize oscillator
 114   1         PORT_Init ();                       // Initialize crossbar and GPIO
 115   1         CAN0_Init ();                       // Start CAN peripheral
 116   1         ADC0_Init ();
 117   1         Timer2_Init ();
C51 COMPILER V9.53.0.0   MAIN                                                              05/15/2017 15:31:44 PAGE 3   

 118   1      
 119   1         EIE2 |= 0x02;                       // Enable CAN interupts
 120   1         EA = 1;                             // Enable global interrupts
 121   1         P2 |= 0xC0;
 122   1         while (1)
 123   1         {
 124   2                      DisplayNumber(1);
 125   2         }
 126   1      }
 127          
 128          //-----------------------------------------------------------------------------
 129          // Initialization Subroutines
 130          //-----------------------------------------------------------------------------
 131          
 132          void OSCILLATOR_Init (void)
 133          {
 134   1         U8 SFRPAGE_save = SFRPAGE;
 135   1         SFRPAGE = CONFIG_PAGE;
 136   1      
 137   1         OSCICN = 0x87;                      // Set internal oscillator divider to 1
 138   1      
 139   1         SFRPAGE = SFRPAGE_save;
 140   1      }
 141          
 142          //-----------------------------------------------------------------------------
 143          // PORT_Init
 144          //-----------------------------------------------------------------------------
 145          
 146          void PORT_Init (void)
 147          {
 148   1         U8 SFRPAGE_save = SFRPAGE;
 149   1         SFRPAGE  = CONFIG_PAGE;             // Port SFR's on Configuration page
 150   1      
 151   1         P0MDOUT  |= 0x40;                   // P0.6 (CAN0 TX) is push-pull
 152   1         P1MDOUT  |= 0x08;                   // P1.3 (LED) is push-pull
 153   1         P1MDOUT &= 0xbf;                                             //P1^6 open drain for relay
 154   1        // P2MDIN |= 0xf0;                                             //ADC
 155   1        // P2SKIP |= 0x0f;                                             //ADC
 156   1         P2MDOUT |= 0xc0;                    //P2.6/7 for driving mosfet
 157   1         P3MDOUT |= 0xff;                            //P3 is push-pull to drive the LED.
 158   1         P4MDOUT |= 0x03;                            //P4   
 159   1      
 160   1         XBR0     = 0x02;                    // Enable CAN0 on Crossbar
 161   1         XBR2     = 0x40;                    // Enable Crossbar and weak pull-ups
 162   1      
 163   1         SFRPAGE = SFRPAGE_save;
 164   1      }
 165          
 166          //-----------------------------------------------------------------------------
 167          // ADC0_Init
 168          //-----------------------------------------------------------------------------
 169          void ADC0_Init(void)
 170          {
 171   1              U8 SFRPAGE_save = SFRPAGE;
 172   1              SFRPAGE = ACTIVE_PAGE;
 173   1      
 174   1              ADC0CF |= 0x01;
 175   1              ADC0H = 0x04;
 176   1              ADC0L = 0x6c;
 177   1              ADC0H = 0x07;
 178   1              ADC0L = 0xa0;
 179   1              ADC0H = 0x08;
C51 COMPILER V9.53.0.0   MAIN                                                              05/15/2017 15:31:44 PAGE 4   

 180   1              ADC0L = 0x01;
 181   1              ADC0CF &= ~0x01;
 182   1      
 183   1              ADC0CN = 0x10;           //0 start by writing 1 to AD0BUSY, 1 start by overflow of timer 1 , 3 by timer 2
 184   1      
 185   1              REF0CN = 0x33;
 186   1      
 187   1              ADC0MX = 0x10| PIN_TABLE[AMUX_INPUT];
 188   1      
 189   1              ADC0CF = ((SYSCLK /3000000) - 1) << 3;
 190   1      
 191   1      //      EIE1 |= 0x04;
 192   1      
 193   1              AD0EN = 1;
 194   1      
 195   1              SFRPAGE = SFRPAGE_save;
 196   1      
 197   1      }
 198          
 199          
 200          //-----------------------------------------------------------------------------
 201          // Timer2_Init
 202          //-----------------------------------------------------------------------------
 203          void Timer2_Init(void)
 204          {
 205   1         U8 SFRPAGE_save = SFRPAGE;
 206   1         SFRPAGE = ACTIVE_PAGE;
 207   1      
 208   1         CKCON &= ~0x30;                     // Timer2 uses SYSCLK/12
 209   1         TMR2CN &= ~0x01;
 210   1      
 211   1         TMR2RL = TIMER2_RELOAD;             // Reload value to be used in Timer2
 212   1         TMR2 = TMR2RL;                      // Init the Timer2 register
 213   1      
 214   1         TMR2CN = 0x04;                      // Enable Timer2 in auto-reload mode
 215   1         ET2 = 1;                            // Timer2 interrupt enabled
 216   1      
 217   1         SFRPAGE = SFRPAGE_save;
 218   1      }
 219          //-----------------------------------------------------------------------------
 220          // CAN0_Init
 221          //-----------------------------------------------------------------------------
 222          void CAN0_Init (void)
 223          {
 224   1         U8 iter;
 225   1      
 226   1         U8 SFRPAGE_save = SFRPAGE;
 227   1         SFRPAGE  = CAN0_PAGE;               // All CAN register are on page 0x0C
 228   1      
 229   1         CAN0CN |= 0x01;                     // Start Intialization mode
 230   1      
 231   1         //---------Initialize general CAN peripheral settings
 232   1      
 233   1         CAN0CN |= 0x4E;                     // Enable Status, Error,
 234   1                                             // Module Interrupts
 235   1                                             // Enable access to bit timing register
 236   1      
 237   1         // See the CAN Bit Timing Spreadsheet for how to calculate this value
 238   1         CAN0BT = 0x1402;                    // Based on 24 Mhz CAN clock, set the
 239   1                                             // CAN bit rate to 1 Mbps
 240   1      
 241   1         //---------Initialize settings common to all message objects
C51 COMPILER V9.53.0.0   MAIN                                                              05/15/2017 15:31:44 PAGE 5   

 242   1      
 243   1         // Command Mask Register
 244   1         CAN0IF1CM = 0x00F0;                 // Write Operation
 245   1                                             // Transfer ID Mask, MDir, MXtd
 246   1                                             // Transfer ID, Dir, Xtd, MsgVal
 247   1                                             // Transfer Control Bits
 248   1                                             // Don't set TxRqst or transfer data
 249   1      
 250   1         // Mask Registers
 251   1         CAN0IF1M1 = 0x0000;                 // Mask Bits 15-0 not used for filtering
 252   1         CAN0IF1M2 = 0x5FFC;                 // Ignore Extended Identifier for
 253   1                                             // filtering
 254   1                                             // Used Direction bit for filtering
 255   1                                             // Use ID bits 28-18 for filtering
 256   1      
 257   1         // Arbitration Registers
 258   1         CAN0IF1A1 = 0x0000;                 // 11-bit ID, so lower 16-bits not used
 259   1      
 260   1         // Message Control Registers
 261   1         CAN0IF1MC = 0x1480 | MESSAGE_SIZE;  // Enable Receive Interrupt
 262   1                                             // Message Object is a Single Message
 263   1                                             // Message Size set by #define
 264   1      
 265   1      
 266   1         //---------Initialize unique settings for Rx message object
 267   1      
 268   1         // Arbitration Registers
 269   1         CAN0IF1A2 = 0x8000 | (ERCP_ID << 2);  // Set MsgVal to valid
 270   1                                               // Set Object Direction to read
 271   1                                               // Set 11-bit Identifier to iter
 272   1      
 273   1         CAN0IF1CR = ERCP_ID;                // Start command request
 274   1      
 275   1            while (CAN0IF1CRH & 0x80) {}       // Poll on Busy bit
 276   1      
 277   1      
 278   1         CAN0IF1A2 = 0x8000 | (Broadcast_ID << 2);  // Set MsgVal to valid
 279   1                                               // Set Object Direction to read
 280   1                                               // Set 11-bit Identifier to iter
 281   1      
 282   1         CAN0IF1CR = Broadcast_ID;                // Start command request
 283   1      
 284   1            while (CAN0IF1CRH & 0x80) {}       // Poll on Busy bit
 285   1         // Message Control Registers
 286   1         CAN0IF1MC = 0x0080 | MESSAGE_SIZE;  // Disable Transmit Interrupt
 287   1                                             // Message Object is a Single Message
 288   1                                             // Message Size set by #define
 289   1      
 290   1         //---------Initialize unique settings for Tx message object
 291   1         // Arbitration Registers
 292   1         CAN0IF1A2 = 0xA000 | (BPCP_ID << 2);  // Set MsgVal to valid
 293   1                                               // Set Direction to write
 294   1                                               // Set 11-bit Identifier to iter
 295   1      
 296   1         CAN0IF1CR = BPCP_ID;                // Start command request
 297   1      
 298   1         while (CAN0IF1CRH & 0x80) {}       // Poll on Busy bit
 299   1      
 300   1         CAN0IF1A2 = 0xA000 | (IPM_ID << 2);  // Set MsgVal to valid
 301   1                                               // Set Direction to write
 302   1                                               // Set 11-bit Identifier to iter
 303   1      
C51 COMPILER V9.53.0.0   MAIN                                                              05/15/2017 15:31:44 PAGE 6   

 304   1         CAN0IF1CR = IPM_ID;                // Start command request
 305   1      
 306   1         while (CAN0IF1CRH & 0x80) {}       // Poll on Busy bit
 307   1         //---------Initialize settings for unused message objects
 308   1      
 309   1         for (iter = 0; iter < MESSAGE_OBJECTS; iter++)
 310   1         {
 311   2              if(iter != ERCP_ID && iter != BPCP_ID && iter != Broadcast_ID && iter != IPM_ID)
 312   2               {
 313   3            // Set remaining message objects to be Ignored
 314   3            CAN0IF1A2 = 0x0000;              // Set MsgVal to 0 to Ignore
 315   3            CAN0IF1CR = iter;                // Start command request
 316   3      
 317   3            while (CAN0IF1CRH & 0x80) {}     // Poll on Busy bit
 318   3                }
 319   2         }
 320   1      
 321   1         CAN0CN &= ~0x41;                    // Return to Normal Mode and disable
 322   1                                             // access to bit timing register
 323   1      
 324   1         SFRPAGE = SFRPAGE_save;
 325   1      }
 326          
 327          void CAN0_TransferMO (U8 obj_num)
 328          {
 329   1         // This function assumes that the message object is fully initialized
 330   1         // in CAN0_Init and so all it has to do is fill the data registers and
 331   1         // initiate transmission
 332   1      
 333   1         U8 SFRPAGE_save = SFRPAGE;
 334   1         SFRPAGE  = CAN0_PAGE;               // All CAN register are on page 0x0C
 335   1      
 336   1         // Initialize all 8 data bytes even though they might not be sent
 337   1         // The number to send was configured earlier by setting Message Control
 338   1      
 339   1         CAN0IF1DA1L = *CAN_Tx_Buf;              // Initialize data registers based
 340   1         CAN0IF1DA1H = *(CAN_Tx_Buf + 1);          // on message object used
 341   1         CAN0IF1DA2L = *(CAN_Tx_Buf + 2);
 342   1         CAN0IF1DA2H = *(CAN_Tx_Buf + 3);
 343   1         CAN0IF1DB1L = *(CAN_Tx_Buf + 4);
 344   1         CAN0IF1DB1H = *(CAN_Tx_Buf + 5);
 345   1         CAN0IF1DB2L = *(CAN_Tx_Buf + 6);
 346   1         CAN0IF1DB2H = *(CAN_Tx_Buf + 7);
 347   1      
 348   1         CAN0IF1CM = 0x0087;                 // Set Direction to Write
 349   1                                             // Write TxRqst, all 8 data bytes
 350   1      
 351   1         CAN0IF1CR = obj_num;                // Start command request
 352   1      
 353   1         while (CAN0IF1CRH & 0x80) {}        // Poll on Busy bit
 354   1      
 355   1         SFRPAGE = SFRPAGE_save;
 356   1      }
 357          //-----------------------------------------------------------------------------
 358          // Interrupt Service Routines
 359          //-----------------------------------------------------------------------------
 360          
 361          //-----------------------------------------------------------------------------
 362          // CAN0_ISR
 363          //-----------------------------------------------------------------------------
 364          INTERRUPT (CAN0_ISR, INTERRUPT_CAN0)
 365          {
C51 COMPILER V9.53.0.0   MAIN                                                              05/15/2017 15:31:44 PAGE 7   

 366   1         U8 carry;
 367   1         UU32 new_data;
 368   1      
 369   1         // SFRPAGE is set to CAN0_Page automatically when ISR starts
 370   1      
 371   1         U8 status = CAN0STAT;               // Read status, which clears the Status
 372   1                                             // Interrupt bit pending in CAN0IID
 373   1      
 374   1         U8 Interrupt_ID = CAN0IID;          // Read which message object caused
 375   1                                             // the interrupt
 376   1         // The CAN0ND registers tell which of the 32 message objects are new.
 377   1         // Read data from CAN registers and perform 1-bit right shift with carry
 378   1         new_data.U8[b0] = CAN0ND1L;         // With a big endian compiler, assign LSB
 379   1         new_data.U8[b1] = CAN0ND1H;
 380   1         new_data.U8[b2] = CAN0ND2L;
 381   1         new_data.U8[b3] = CAN0ND2H;         // Assign MSB
 382   1         carry = new_data.U8[b0] & 0x01;     // Store carry bit
 383   1         new_data.U32 = new_data.U32 >> 1;   // Perform 1-bit shift to realign
 384   1      
 385   1         if (carry)
 386   1         { // Add carry if necessary
 387   2            new_data.U8[b3] = new_data.U8[b3] | 0x80;
 388   2         }
 389   1      
 390   1         // new_data variable will now tell which message object is new.
 391   1      
 392   1         CAN0IF1CM = 0x007F;                 // Read all of message object to IF1
 393   1                                             // Clear IntPnd and newData
 394   1      
 395   1         CAN0IF1CR = Interrupt_ID;           // Start command request
 396   1      
 397   1         while (CAN0IF1CRH & 0x80) {}           // Poll on Busy bit
 398   1      
 399   1         if (status & RxOk )                  // If transmit completed successfully
 400   1         {
 401   2             // Read all 8 data bytes to rxdata, even though they might not be valid
 402   2            CAN_Rx_Buf[0] = CAN0IF1DA1L;
 403   2            CAN_Rx_Buf[1] = CAN0IF1DA1H;
 404   2            CAN_Rx_Buf[2] = CAN0IF1DA2L;
 405   2            CAN_Rx_Buf[3] = CAN0IF1DA2H;
 406   2            CAN_Rx_Buf[4] = CAN0IF1DB1L;
 407   2            CAN_Rx_Buf[5] = CAN0IF1DB1H;
 408   2            CAN_Rx_Buf[6] = CAN0IF1DB2L;
 409   2            CAN_Rx_Buf[7] = CAN0IF1DB2H;
 410   2            CAN_RX_COMPLETE = 1;
 411   2              
 412   2              if(Interrupt_ID == Broadcast_ID  && CAN_Rx_Buf[3] == IPM_ID)
 413   2              {
 414   3                      if( CAN_Rx_Buf[1] == 0x01)
 415   3                      {
 416   4                              switch(CAN_Rx_Buf[0])
 417   4                              {
 418   5                                      case 0x01: Yunzhuanwei(); break;
 419   5                                      case 0x02: Chuzhiwei(); break;
 420   5                                      case 0x04: Quanzhidongwei(); break;
 421   5                                      case 0x08: Yizhiwei(); break;
 422   5                                      case 0x10: Chonglianwei(); break;
 423   5                                      case 0x20: Jinjiwei(); break;
 424   5                                      default:break;
 425   5                              }
 426   4              
 427   4                              CAN_Tx_Buf[0] = CAN_Rx_Buf[0];
C51 COMPILER V9.53.0.0   MAIN                                                              05/15/2017 15:31:44 PAGE 8   

 428   4                              CAN_Tx_Buf[1] = CAN_Rx_Buf[1];
 429   4                              CAN_Tx_Buf[3] = ERCP_ID;
 430   4                              CAN_Tx_Buf[4] = FaultCode;
 431   4                              CAN0_TransferMO(IPM_ID);
 432   4                              CAN0_TransferMO(BPCP_ID);
 433   4                      }
 434   3              }
 435   2         }
 436   1         // If an error occured, simply update the global variable and continue
 437   1         if (status & LEC)
 438   1         {
 439   2             // The LEC bits identify the type of error, but those are grouped here
 440   2             if ((status & LEC) != 0x07)
 441   2             {
 442   3                CAN_ERROR = 1;
 443   3             }
 444   2         }
 445   1      
 446   1         if (status & BOff)
 447   1         {
 448   2            CAN_ERROR = 1;
 449   2         }
 450   1      
 451   1         if (status & EWarn)
 452   1         {
 453   2            CAN_ERROR = 1;
 454   2         }
 455   1      
 456   1         // Old SFRPAGE is popped off stack when ISR exits
 457   1      }
 458          
 459          INTERRUPT (TIMER2_ISR, INTERRUPT_TIMER2)
 460          {
 461   1      
 462   1      //      DisplayNumber(2);
 463   1         TF2H = 0;                           // Reset Interrupt
 464   1         
 465   1      }
 466          
 467          
 468          //for delay time
 469          void delay(U16 time)         //int型数据为16位,所以最大值为65535            
 470           {
 471   1        U16  i,j;             //定义变量i,j,用于循环语句 
 472   1        for(i=0;i<time;i++)    //for循环,循环50*time次
 473   1           for(j=0;j<100;j++); //for循环,循环50次
 474   1       }
 475          
 476           //display number
 477          void DisplayNumber(U16 i)
 478          {
 479   1              
 480   1              P3 |= dis[i/1000];
 481   1              P4 = 0x01;
 482   1              P4 = 0x00;
 483   1              P3 = 0x01;     //chose the thousand
 484   1              P4 = 0x02;
 485   1              P4 = 0x00;
 486   1              delay(10);
 487   1              P3 &= 0x00;
 488   1      
 489   1      
C51 COMPILER V9.53.0.0   MAIN                                                              05/15/2017 15:31:44 PAGE 9   

 490   1      
 491   1              P3 |= dis[(i%1000)/100];
 492   1              P4 = 0x01;
 493   1              P4 = 0x00;
 494   1              P3 = 0x02;
 495   1              P4 = 0x02;
 496   1              P4 = 0x00;
 497   1              delay(10);
 498   1              P3 = 0x00;
 499   1      
 500   1      
 501   1      
 502   1      
 503   1              P3 |= dis[(i%100) / 10];
 504   1              P4 = 0x01;
 505   1              P4 = 0x00;
 506   1              P3 = 0x04;
 507   1              P4 = 0x02;
 508   1              P4 = 0x00;
 509   1              delay(10);
 510   1              P3 &= 0x00;
 511   1      
 512   1      
 513   1              P3 = 0;
 514   1              P3 |= dis[i%10];
 515   1              P4 = 0x01;
 516   1              P4 = 0x00;
 517   1              P3 = 0x08;
 518   1              P4 = 0x02;
 519   1              P4 = 0x00;
 520   1              delay(10);
 521   1              P3 &= 0x00;
 522   1              
 523   1      
 524   1      }
 525          
 526          void Yunzhuanwei()
 527          {
 528   1              RelayON;
 529   1              APP_ON;
 530   1              REL_OFF;
 531   1      }
 532          void Chuzhiwei()
 533          {
 534   1              RelayON;
 535   1              APP_OFF;
 536   1              REL_ON;
 537   1      }
 538          
 539          void Quanzhidongwei()
 540          {
 541   1              RelayON;
 542   1              APP_OFF;
 543   1              REL_ON;
 544   1      }
 545          
 546          void Yizhiwei()
 547          {
 548   1              RelayON;
 549   1              APP_OFF;
 550   1              REL_ON;
 551   1      }
C51 COMPILER V9.53.0.0   MAIN                                                              05/15/2017 15:31:44 PAGE 10  

 552          
 553          void Chonglianwei()
 554          {
 555   1              RelayON;
 556   1              APP_OFF;
 557   1              REL_ON;
 558   1      }
 559          
 560          void Jinjiwei()
 561          {
 562   1              RelayON;
 563   1              APP_OFF;
 564   1              REL_ON;
 565   1      }
 566          
 567          //-----------------------------------------------------------------------------
 568          // End Of File
 569          //-----------------------------------------------------------------------------
 570          


MODULE INFORMATION:   STATIC OVERLAYABLE
   CODE SIZE        =    919    ----
   CONSTANT SIZE    =   ----    ----
   XDATA SIZE       =   ----    ----
   PDATA SIZE       =   ----    ----
   DATA SIZE        =     33       7
   IDATA SIZE       =   ----    ----
   BIT SIZE         =      1    ----
END OF MODULE INFORMATION.


C51 COMPILATION COMPLETE.  0 WARNING(S),  0 ERROR(S)
