C51 COMPILER V9.53.0.0   MAIN                                                              05/30/2017 16:19:15 PAGE 1   


C51 COMPILER V9.53.0.0, COMPILATION OF MODULE MAIN
OBJECT MODULE PLACED IN main.OBJ
COMPILER INVOKED BY: F:\Keil_v5\C51\BIN\C51.EXE main.c LARGE OPTIMIZE(8,SPEED) BROWSE DEBUG OBJECTEXTEND TABS(2)

line level    source

   1          //-----------------------------------------------------------------------------
   2          // Includes
   3          //-----------------------------------------------------------------------------
   4          #include "compiler_defs.h"
   5          #include "C8051F500_defs.h"            // SFR declarations
   6          #include "Display.h"
   7          
   8          //-----------------------------------------------------------------------------
   9          // Type Definitions
  10          //-----------------------------------------------------------------------------
  11          
  12          typedef union UU64
  13          {
  14             U32 U32[2];
  15             U16 U16[4];
  16             U8 U8[8];
  17          } UU64;
  18          
  19          //-----------------------------------------------------------------------------
  20          // Function Prototypes
  21          //-----------------------------------------------------------------------------
  22          
  23          void OSCILLATOR_Init (void);
  24          void PORT_Init (void);
  25          void CAN0_Init (void);
  26          void ADC0_Init(void);
  27          void Timer_Init(void);
  28          void CAN0_TransferMO (U8 obj_num);
  29          
  30          void PressureCal();
  31          void PIDControl();
  32          
  33          
  34          
  35          void Yunzhuanwei(void);
  36          void Chuzhiwei(void);
  37          void Quanzhidongwei(void);
  38          void Yizhiwei(void);
  39          void Chonglianwei(void);
  40          void Jinjiwei(void);
  41          
  42          INTERRUPT_PROTO (CAN0_ISR, INTERRUPT_CAN0);
  43          INTERRUPT_PROTO (TIMER0_ISR, INTERRUPT_TIMER0);
  44          INTERRUPT_PROTO (TIMER2_ISR, INTERRUPT_TIMER2);
  45          INTERRUPT_PROTO (TIMER3_ISR, INTERRUPT_TIMER3);
  46          INTERRUPT_PROTO (ADC0_ISR, INTERRUPT_ADC0_EOC);
  47          
  48          //-----------------------------------------------------------------------------
  49          // Global Constants
  50          //-----------------------------------------------------------------------------
  51          #define SYSCLK       24000000          // System clock speed in Hz
  52          #define MESSAGE_OBJECTS    32          // Number of message objects to use
  53                                                 // Range is 1-32
  54          #define MESSAGE_SIZE        8          // Size in bytes of each CAN message
  55                                                 // Range is 1-8
C51 COMPILER V9.53.0.0   MAIN                                                              05/30/2017 16:19:15 PAGE 2   

  56          
  57          //-----------------------------------------------------------------------------
  58          // Bit Definition Masks
  59          //-----------------------------------------------------------------------------
  60          
  61          // CAN0STAT
  62          #define BOff  0x80                     // Busoff Status
  63          #define EWarn 0x40                     // Warning Status
  64          #define EPass 0x20                     // Error Passive
  65          #define RxOk  0x10                     // Receive Message Successfully
  66          #define TxOk  0x08                     // Transmitted Message Successfully
  67          #define LEC   0x07                     // Last Error Code
  68          
  69          
  70          #define RelayON (P1 &= ~0x40)
  71          #define RelayOFF (P1 |= 0x40)
  72          #define APP_ON ( P2 &= ~0x40)
  73          #define APP_OFF (P2 |= 0x40)
  74          #define REL_ON (P2 &= ~0x80)
  75          #define REL_OFF (P2 |= 0x80)
  76          
  77          //-----------------------------------------------------------------------------
  78          // Global Variables
  79          //-----------------------------------------------------------------------------
  80          #define IPM_ID 0x001
  81          #define EBV_ID 0x002
  82          #define Broadcast_ID 0x003
  83          #define ERCP_ID 0x010
  84          #define BPCP_ID 0x011
  85          #define CP16_ID 0x012
  86          #define Respond_ID 0x30
  87          #define ANALOG_INPUTS    2
  88          #define INT_DEC             256        // Integrate and decimate ratio
  89          
  90          
  91          bit CAN_ERROR = 0;                     // 0 = No Errors occurred
  92                                                 // 1 = Some error(s) occurred
  93          U8 FaultCode = 0x00;
  94          
  95          U8 CAN_Tx_Buf[8] = {0xf1, 0x02, 0x03, 0x04, 0x05, 0x06, 0x07, 0x08};
  96          U8 CAN_Rx_Buf[8];
  97          U8 CAN_RX_COMPLETE;                  
  98          
  99          SEGMENT_VARIABLE (RESULT[ANALOG_INPUTS], U32, xdata);
 100          U8 PIN_TABLE[ANALOG_INPUTS] = {0x00, 0x01};
 101          U32 accumulator[ANALOG_INPUTS];
 102          U8 AMUX_INPUT = 0;
 103          U8 PWM_Count = 0;
 104          U8 PWM_Period = 100;
 105          U8 PWM_APP = 0;
 106          U8 PWM_REL = 0;
 107          
 108          U32 Target_ERT_Pressure  ;
 109          
 110          U32 pressure_current_ERT;
 111          U16 pressureERT_H;
 112          U16 pressureERT_L;
 113          float P_mA_current_ERT=0 ;
 114          
 115          
 116          U32 pressure_current_MRT;
 117          U16 pressureMRT_H;
C51 COMPILER V9.53.0.0   MAIN                                                              05/30/2017 16:19:15 PAGE 3   

 118          U16 pressureMRT_L;
 119          float P_mA_current_MRT=0 ;
 120          
 121          float error, sumerror, lasterror, kp, ki, kd;
 122          //-----------------------------------------------------------------------------
 123          // MAIN Routine
 124          //-----------------------------------------------------------------------------
 125          
 126          void main (void)
 127          {
 128   1      
 129   1         SFRPAGE = ACTIVE_PAGE;              // Set for PCA0MD
 130   1      
 131   1         PCA0MD &= ~0x40;                    // Disable Watchdog Timer
 132   1      
 133   1         OSCILLATOR_Init ();                 // Initialize oscillator
 134   1         PORT_Init ();                       // Initialize crossbar and GPIO
 135   1         CAN0_Init ();                       // Start CAN peripheral
 136   1         ADC0_Init ();
 137   1         Timer_Init ();
 138   1         RESULT[0]=0;
 139   1         RESULT[1]=0;
 140   1      
 141   1         EIE1 |= 0x40;
 142   1         EIE2 |= 0x02;                       // Enable CAN interupts
 143   1         EA = 1;                             // Enable global interrupts
 144   1         P2 |= 0xC0;
 145   1         while (1)
 146   1         {
 147   2           smg_display(0xe,0xa,0xc,18);
 148   2           PressureCal();
 149   2         }
 150   1      }
 151          
 152          
 153          
 154          void OSCILLATOR_Init (void)
 155          {
 156   1         U8 SFRPAGE_save = SFRPAGE;
 157   1         SFRPAGE = CONFIG_PAGE;
 158   1      
 159   1         OSCICN = 0x87;                      // Set internal oscillator divider to 1
 160   1      
 161   1         SFRPAGE = SFRPAGE_save;
 162   1      }
 163          
 164          //-----------------------------------------------------------------------------
 165          // PORT_Init
 166          //-----------------------------------------------------------------------------
 167          
 168          void PORT_Init (void)
 169          {
 170   1         U8 SFRPAGE_save = SFRPAGE;
 171   1         SFRPAGE  = CONFIG_PAGE;             // Port SFR's on Configuration page
 172   1        
 173   1         P0SKIP |= 0x01;                     // Skip P0.0 (VREF)
 174   1         P0MDIN &= ~0x01;                   // Set VREF to analog
 175   1         P0MDOUT  |= 0x40;                   // P0.6 (CAN0 TX) is push-pull
 176   1         P1MDOUT  |= 0x08;                   // P1.3 (LED) is push-pull
 177   1         P1MDOUT &= 0xbf;                   //P1^6 open drain for relay
 178   1         P2SKIP |= 0x0f;                     // Skip P2.0,P2.1,P2.2,P2.3(ADC input)
 179   1         P2MDIN &= ~0x0f;                   // Set P2.0,P2.1,P2.2,P2.3 as an analog input
C51 COMPILER V9.53.0.0   MAIN                                                              05/30/2017 16:19:15 PAGE 4   

 180   1         P2MDOUT |= 0xc0;                    //P2.6/7 for driving mosfet
 181   1         P3MDOUT |= 0xff;                            //P3 is push-pull to drive the LED.
 182   1         P4MDOUT |= 0x03;                            //P4   
 183   1      
 184   1         XBR0     = 0x02;                    // Enable CAN0 on Crossbar
 185   1         XBR2     = 0x40;                    // Enable Crossbar and weak pull-ups
 186   1      
 187   1         SFRPAGE = SFRPAGE_save;
 188   1      }
 189          
 190          //-----------------------------------------------------------------------------
 191          // ADC0_Init
 192          //-----------------------------------------------------------------------------
 193          void ADC0_Init (void)
 194          {
 195   1         U8 SFRPAGE_save = SFRPAGE;
 196   1         SFRPAGE = ACTIVE_PAGE;
 197   1      
 198   1         // Initialize the Gain to account for a 5V input and 2.25 VREF
 199   1         // Solve the equation provided in Section 9.3.1 of the Datasheet
 200   1      
 201   1         // The 5V input is scaled by a factor of 0.44 so that the maximum input
 202   1         // voltage seen by the pin is 2.2V
 203   1      
 204   1         // 0.44 = (GAIN/4096) + GAINADD * (1/64)
 205   1      
 206   1         // Set GAIN to 0x6CA and GAINADD to 1
 207   1         // GAIN = is the 12-bit word formed by ADC0GNH[7:0] ADC0GNL[7:4]
 208   1         // GAINADD is bit ADC0GNA.0
 209   1      
 210   1         ADC0CF |= 0x01;                     // Set GAINEN = 1
 211   1         ADC0H   = 0x04;                     // Load the ADC0GNH address
 212   1         ADC0L   = 0x6C;                     // Load the upper byte of 0x6CA to 
 213   1                                             // ADC0GNH
 214   1         ADC0H   = 0x07;                     // Load the ADC0GNL address
 215   1         ADC0L   = 0xA0;                     // Load the lower nibble of 0x6CA to 
 216   1                                             // ADC0GNL
 217   1         ADC0H   = 0x08;                     // Load the ADC0GNA address
 218   1         ADC0L   = 0x01;                     // Set the GAINADD bit
 219   1         ADC0CF &= ~0x01;                    // Set GAINEN = 0
 220   1      
 221   1         ADC0CN = 0x03;                      // ADC0 disabled, normal tracking,
 222   1                                             // conversion triggered on TMR2 overflow
 223   1                                             // Output is right-justified
 224   1      
 225   1         REF0CN = 0x33;                      // Enable on-chip VREF and buffer
 226   1                                             // Set voltage reference to 2.25V
 227   1      
 228   1         ADC0MX = 0x0A;                      // Set ADC input to P1.2
 229   1      
 230   1         ADC0CF = ((SYSCLK / 3000000) - 1) << 3;   // Set SAR clock to 3MHz
 231   1      
 232   1         EIE1 |= 0x04;                       // Enable ADC0 conversion complete int.
 233   1      
 234   1         AD0EN = 1;                          // Enable ADC0
 235   1      
 236   1         SFRPAGE = SFRPAGE_save;
 237   1      }
 238          
 239          
 240          //-----------------------------------------------------------------------------
 241          // Timer2_Init
C51 COMPILER V9.53.0.0   MAIN                                                              05/30/2017 16:19:15 PAGE 5   

 242          //-----------------------------------------------------------------------------
 243          void Timer_Init(void)
 244          {
 245   1         U8 SFRPAGE_save = SFRPAGE;
 246   1         SFRPAGE = ACTIVE_PAGE;
 247   1       
 248   1          CKCON = 0x00;     //t1 t0 use the sys-clock/12,t3 t2 refer to TMRXCN
 249   1          
 250   1         TCON      = 0x00;      //t1 don't run temporarily,t0 don't run 
 251   1         TMOD      = 0x21;      //t1 8bit reload timer,t0 16bit timer
 252   1         TL0       = 0x90;  
 253   1         TH0       = 0xE8;      //3ms,based on 2MHz clock           ×¨ó?óú??DD?D?óê??üá?3ms?¨ê±
 254   1         TR0 = 1;
 255   1         ET0 = 1;
 256   1      
 257   1         TMR2CN = 0x00;                      // Stop Timer2; Clear TF2;
 258   1                                             // use SYSCLK as timebase, 16-bit
 259   1                                             // auto-reload
 260   1         CKCON |= 0x10;                      // Select SYSCLK for timer 2 source
 261   1         TMR2RL = 65535 - (SYSCLK / 10000);  // Init reload value for 10 us
 262   1         TMR2 = 0xFFFF;                      // Set to reload immediately
 263   1         ET2 = 1;                            // Enable Timer2 interrupts
 264   1         TR2 = 1;                            // Start Timer2
 265   1      
 266   1         PT2 = 1;
 267   1      
 268   1          TMR3CN    = 0x00;     //t3 16bit reload timer,don't run,sys-clock/12
 269   1          TMR3RL = 200;
 270   1          TMR3 = 0xffff;
 271   1         //TMR3RLL   = 0xb0;
 272   1         // TMR3RLH   = 0x3c;
 273   1         // TMR3L     = 0xb0;
 274   1         // TMR3H     = 0x3c;     //    ó?óúS￡?ms?¨ê± */
 275   1          TMR3CN |= 0x04;       //run timer3
 276   1      
 277   1         SFRPAGE = SFRPAGE_save;
 278   1      }
 279          //-----------------------------------------------------------------------------
 280          // CAN0_Init
 281          //-----------------------------------------------------------------------------
 282          void CAN0_Init (void)
 283          {
 284   1         U8 iter;
 285   1      
 286   1         U8 SFRPAGE_save = SFRPAGE;
 287   1         SFRPAGE  = CAN0_PAGE;               // All CAN register are on page 0x0C
 288   1      
 289   1         CAN0CN |= 0x01;                     // Start Intialization mode
 290   1      
 291   1         //---------Initialize general CAN peripheral settings
 292   1      
 293   1         CAN0CN |= 0x4E;                     // Enable Status, Error,
 294   1                                             // Module Interrupts
 295   1                                             // Enable access to bit timing register
 296   1      
 297   1         // See the CAN Bit Timing Spreadsheet for how to calculate this value
 298   1         CAN0BT = 0x1402;                    // Based on 24 Mhz CAN clock, set the
 299   1                                             // CAN bit rate to 1 Mbps
 300   1      
 301   1         //---------Initialize settings common to all message objects
 302   1      
 303   1         // Command Mask Register
C51 COMPILER V9.53.0.0   MAIN                                                              05/30/2017 16:19:15 PAGE 6   

 304   1         CAN0IF1CM = 0x00F0;                 // Write Operation
 305   1                                             // Transfer ID Mask, MDir, MXtd
 306   1                                             // Transfer ID, Dir, Xtd, MsgVal
 307   1                                             // Transfer Control Bits
 308   1                                             // Don't set TxRqst or transfer data
 309   1      
 310   1         // Mask Registers
 311   1         CAN0IF1M1 = 0x0000;                 // Mask Bits 15-0 not used for filtering
 312   1         CAN0IF1M2 = 0x5FFC;                 // Ignore Extended Identifier for
 313   1                                             // filtering
 314   1                                             // Used Direction bit for filtering
 315   1                                             // Use ID bits 28-18 for filtering
 316   1      
 317   1         // Arbitration Registers
 318   1         CAN0IF1A1 = 0x0000;                 // 11-bit ID, so lower 16-bits not used
 319   1      
 320   1         // Message Control Registers
 321   1         CAN0IF1MC = 0x1480 | MESSAGE_SIZE;  // Enable Receive Interrupt
 322   1                                             // Message Object is a Single Message
 323   1                                             // Message Size set by #define
 324   1      
 325   1      
 326   1         //---------Initialize unique settings for Rx message object
 327   1      
 328   1         // Arbitration Registers
 329   1         CAN0IF1A2 = 0x8000 | (ERCP_ID << 2);  // Set MsgVal to valid
 330   1                                               // Set Object Direction to read
 331   1                                               // Set 11-bit Identifier to iter
 332   1      
 333   1         CAN0IF1CR = ERCP_ID;                // Start command request
 334   1      
 335   1            while (CAN0IF1CRH & 0x80) {}       // Poll on Busy bit
 336   1      
 337   1      
 338   1         CAN0IF1A2 = 0x8000 | (Broadcast_ID << 2);  // Set MsgVal to valid
 339   1                                               // Set Object Direction to read
 340   1                                               // Set 11-bit Identifier to iter
 341   1      
 342   1         CAN0IF1CR = Broadcast_ID;                // Start command request
 343   1      
 344   1            while (CAN0IF1CRH & 0x80) {}       // Poll on Busy bit
 345   1         // Message Control Registers
 346   1         CAN0IF1MC = 0x0080 | MESSAGE_SIZE;  // Disable Transmit Interrupt
 347   1                                             // Message Object is a Single Message
 348   1                                             // Message Size set by #define
 349   1      
 350   1         //---------Initialize unique settings for Tx message object
 351   1         // Arbitration Registers
 352   1         CAN0IF1A2 = 0xA000 | (BPCP_ID << 2);  // Set MsgVal to valid
 353   1                                               // Set Direction to write
 354   1                                               // Set 11-bit Identifier to iter
 355   1      
 356   1         CAN0IF1CR = BPCP_ID;                // Start command request
 357   1      
 358   1         while (CAN0IF1CRH & 0x80) {}       // Poll on Busy bit
 359   1      
 360   1         CAN0IF1A2 = 0xA000 | (Respond_ID << 2);  // Set MsgVal to valid
 361   1                                               // Set Direction to write
 362   1                                               // Set 11-bit Identifier to iter
 363   1      
 364   1         CAN0IF1CR = Respond_ID;                // Start command request
 365   1      
C51 COMPILER V9.53.0.0   MAIN                                                              05/30/2017 16:19:15 PAGE 7   

 366   1         while (CAN0IF1CRH & 0x80) {}       // Poll on Busy bit
 367   1         //---------Initialize settings for unused message objects
 368   1      
 369   1         for (iter = 0; iter < MESSAGE_OBJECTS; iter++)
 370   1         {
 371   2          if(iter != ERCP_ID && iter != BPCP_ID && iter != Broadcast_ID && iter != Respond_ID)
 372   2         {
 373   3            // Set remaining message objects to be Ignored
 374   3            CAN0IF1A2 = 0x0000;              // Set MsgVal to 0 to Ignore
 375   3            CAN0IF1CR = iter;                // Start command request
 376   3      
 377   3            while (CAN0IF1CRH & 0x80) {}     // Poll on Busy bit
 378   3          }
 379   2         }
 380   1      
 381   1         CAN0CN &= ~0x41;                    // Return to Normal Mode and disable
 382   1                                             // access to bit timing register
 383   1      
 384   1         SFRPAGE = SFRPAGE_save;
 385   1      }
 386          
 387          void CAN0_TransferMO (U8 obj_num)
 388          {
 389   1         // This function assumes that the message object is fully initialized
 390   1         // in CAN0_Init and so all it has to do is fill the data registers and
 391   1         // initiate transmission
 392   1      
 393   1         U8 SFRPAGE_save = SFRPAGE;
 394   1         SFRPAGE  = CAN0_PAGE;               // All CAN register are on page 0x0C
 395   1      
 396   1         // Initialize all 8 data bytes even though they might not be sent
 397   1         // The number to send was configured earlier by setting Message Control
 398   1      
 399   1         CAN0IF1DA1L = *CAN_Tx_Buf;              // Initialize data registers based
 400   1         CAN0IF1DA1H = *(CAN_Tx_Buf + 1);          // on message object used
 401   1         CAN0IF1DA2L = *(CAN_Tx_Buf + 2);
 402   1         CAN0IF1DA2H = *(CAN_Tx_Buf + 3);
 403   1         CAN0IF1DB1L = *(CAN_Tx_Buf + 4);
 404   1         CAN0IF1DB1H = *(CAN_Tx_Buf + 5);
 405   1         CAN0IF1DB2L = *(CAN_Tx_Buf + 6);
 406   1         CAN0IF1DB2H = *(CAN_Tx_Buf + 7);
 407   1      
 408   1         CAN0IF1CM = 0x0087;                 // Set Direction to Write
 409   1                                             // Write TxRqst, all 8 data bytes
 410   1      
 411   1         CAN0IF1CR = obj_num;                // Start command request
 412   1      
 413   1         while (CAN0IF1CRH & 0x80) {}        // Poll on Busy bit
 414   1      
 415   1         SFRPAGE = SFRPAGE_save;
 416   1      }
 417          
 418          //Calculate the pressure detect by ADC
 419          
 420          void PressureCal()
 421          {
 422   1        P_mA_current_ERT=((((( RESULT[1]/4095.0*1000)*1.5*10)/3.0))/250.0);
 423   1        pressure_current_ERT=(int)(62.5*P_mA_current_ERT-243.0);//单位KPa 
 424   1        pressureERT_H=((pressure_current_ERT/1000)<<4)|(pressure_current_ERT%1000/100);
 425   1        pressureERT_L=((pressure_current_ERT%100/10)<<4)|(pressure_current_ERT%10); 
 426   1      
 427   1        P_mA_current_MRT=((((( RESULT[0]/4095.0*1000)*1.5*10)/3.0))/250.0);
C51 COMPILER V9.53.0.0   MAIN                                                              05/30/2017 16:19:15 PAGE 8   

 428   1        pressure_current_MRT=(int)(62.5*P_mA_current_MRT-243.0);//单位KPa
 429   1        pressureMRT_H=((pressure_current_MRT/1000)<<4)|(pressure_current_MRT%1000/100);
 430   1        pressureMRT_L=((pressure_current_MRT%100/10)<<4)|(pressure_current_MRT%10);
 431   1      }
 432          
 433          
 434          //Calculate the PID output
 435          void PIDControl()
 436          { 
 437   1        float derror, Uout;
 438   1        error = Target_ERT_Pressure - pressure_current_ERT/100.0;  
 439   1        sumerror += error;
 440   1        derror = error - lasterror;
 441   1        lasterror = error;
 442   1        
 443   1        Uout = kp * error + ki * sumerror + kd * derror;
 444   1        
 445   1        if(Uout > 0 || Uout == 0)
 446   1        {
 447   2          Uout /= 100.0;
 448   2          PWM_APP = Uout;
 449   2          PWM_REL = 0;
 450   2          if(Uout > 0 && Uout < 0.3)
 451   2            PWM_APP = 0.25;
 452   2          if(Uout > 1)
 453   2            PWM_APP = 1;
 454   2      
 455   2        }
 456   1        else 
 457   1        {
 458   2          PWM_APP = 0;
 459   2          PWM_REL = 0.23;
 460   2        }
 461   1      
 462   1      
 463   1      
 464   1      }
 465          //-----------------------------------------------------------------------------
 466          // Interrupt Service Routines
 467          //-----------------------------------------------------------------------------
 468          
 469          //-----------------------------------------------------------------------------
 470          // CAN0_ISR
 471          //-----------------------------------------------------------------------------
 472          INTERRUPT (CAN0_ISR, INTERRUPT_CAN0)
 473          {
 474   1         U8 carry;
 475   1         UU32 new_data;
 476   1      
 477   1         // SFRPAGE is set to CAN0_Page automatically when ISR starts
 478   1      
 479   1         U8 status = CAN0STAT;               // Read status, which clears the Status
 480   1                                             // Interrupt bit pending in CAN0IID
 481   1      
 482   1         U8 Interrupt_ID = CAN0IID;          // Read which message object caused
 483   1                                             // the interrupt
 484   1         // The CAN0ND registers tell which of the 32 message objects are new.
 485   1         // Read data from CAN registers and perform 1-bit right shift with carry
 486   1         new_data.U8[b0] = CAN0ND1L;         // With a big endian compiler, assign LSB
 487   1         new_data.U8[b1] = CAN0ND1H;
 488   1         new_data.U8[b2] = CAN0ND2L;
 489   1         new_data.U8[b3] = CAN0ND2H;         // Assign MSB
C51 COMPILER V9.53.0.0   MAIN                                                              05/30/2017 16:19:15 PAGE 9   

 490   1         carry = new_data.U8[b0] & 0x01;     // Store carry bit
 491   1         new_data.U32 = new_data.U32 >> 1;   // Perform 1-bit shift to realign
 492   1      
 493   1         if (carry)
 494   1         { // Add carry if necessary
 495   2            new_data.U8[b3] = new_data.U8[b3] | 0x80;
 496   2         }
 497   1      
 498   1         // new_data variable will now tell which message object is new.
 499   1      
 500   1         CAN0IF1CM = 0x007F;                 // Read all of message object to IF1
 501   1                                             // Clear IntPnd and newData
 502   1      
 503   1         CAN0IF1CR = Interrupt_ID;           // Start command request
 504   1      
 505   1         while (CAN0IF1CRH & 0x80) {}           // Poll on Busy bit
 506   1      
 507   1         if (status & RxOk )                  // If transmit completed successfully
 508   1         {
 509   2             // Read all 8 data bytes to rxdata, even though they might not be valid
 510   2            CAN_Rx_Buf[0] = CAN0IF1DA1L;
 511   2            CAN_Rx_Buf[1] = CAN0IF1DA1H;
 512   2            CAN_Rx_Buf[2] = CAN0IF1DA2L;
 513   2            CAN_Rx_Buf[3] = CAN0IF1DA2H;
 514   2            CAN_Rx_Buf[4] = CAN0IF1DB1L;
 515   2            CAN_Rx_Buf[5] = CAN0IF1DB1H;
 516   2            CAN_Rx_Buf[6] = CAN0IF1DB2L;
 517   2            CAN_Rx_Buf[7] = CAN0IF1DB2H;
 518   2            CAN_RX_COMPLETE = 1;
 519   2        
 520   2        if(Interrupt_ID == Broadcast_ID  && CAN_Rx_Buf[2] == IPM_ID)
 521   2        {
 522   3          if( CAN_Rx_Buf[1] == 0x01)
 523   3          {
 524   4            switch(CAN_Rx_Buf[0])
 525   4            {
 526   5              case 0x01: Yunzhuanwei(); break;
 527   5              case 0x02: Chuzhiwei(); break;
 528   5              case 0x04: Quanzhidongwei(); break;
 529   5              case 0x08: Yizhiwei(); break;
 530   5              case 0x10: Chonglianwei(); break;
 531   5              case 0x20: Jinjiwei(); break;
 532   5              default:break;
 533   5            }
 534   4        
 535   4            CAN_Tx_Buf[0] = CAN_Rx_Buf[0];
 536   4            CAN_Tx_Buf[1] = CAN_Rx_Buf[1];
 537   4            CAN_Tx_Buf[2] = ERCP_ID;
 538   4            CAN_Tx_Buf[3] = FaultCode;
 539   4            CAN_Tx_Buf[4] = pressureERT_H;
 540   4            CAN_Tx_Buf[5] = pressureERT_L;
 541   4            CAN_Tx_Buf[6] = pressureMRT_H;
 542   4            CAN_Tx_Buf[7] = pressureMRT_L;
 543   4            CAN0_TransferMO(Respond_ID);
 544   4            CAN0_TransferMO(BPCP_ID);
 545   4          }
 546   3        }
 547   2         }
 548   1         // If an error occured, simply update the global variable and continue
 549   1         if (status & LEC)
 550   1         {
 551   2             // The LEC bits identify the type of error, but those are grouped here
C51 COMPILER V9.53.0.0   MAIN                                                              05/30/2017 16:19:15 PAGE 10  

 552   2             if ((status & LEC) != 0x07)
 553   2             {
 554   3                CAN_ERROR = 1;
 555   3             }
 556   2         }
 557   1      
 558   1         if (status & BOff)
 559   1         {
 560   2            CAN_ERROR = 1;
 561   2         }
 562   1      
 563   1         if (status & EWarn)
 564   1         {
 565   2            CAN_ERROR = 1;
 566   2         }
 567   1      
 568   1         // Old SFRPAGE is popped off stack when ISR exits
 569   1      }
 570          INTERRUPT (TIMER0_ISR, INTERRUPT_TIMER0)
 571          {
 572   1        TF0 = 0;
 573   1        TL0       = 0x90; 
 574   1        TH0       = 0xE8;     //3ms,based on 2MHz clock 
 575   1      
 576   1        PIDControl();
 577   1        
 578   1      }
 579          INTERRUPT (TIMER2_ISR, INTERRUPT_TIMER2)
 580          {
 581   1      
 582   1      //  DisplayNumber(2);
 583   1         TF2H = 0;                           // Reset Interrupt
 584   1            // Set up the AMUX for the next ADC input
 585   1         if (AMUX_INPUT == (ANALOG_INPUTS - 1))
 586   1         {
 587   2            ADC0MX = PIN_TABLE[0] | 0x10;
 588   2         }
 589   1         else
 590   1         {
 591   2            ADC0MX = PIN_TABLE[AMUX_INPUT+1] | 0x10;
 592   2         }
 593   1         //SendMessageCAN0(EPCU_ERCP_MO,g_uTx_Data1);
 594   1         
 595   1      }
 596          
 597          
 598          INTERRUPT (TIMER3_ISR, INTERRUPT_TIMER3)
 599          {
 600   1        TMR3CN &= 0x7F;//clear flag
 601   1      
 602   1        PWM_APP *= 100;
 603   1        PWM_REL *= 100;
 604   1      
 605   1        PWM_Count++;
 606   1      
 607   1        if(PWM_Count > PWM_Period)
 608   1          PWM_Count = 0;
 609   1      
 610   1        if(PWM_Count < PWM_APP)
 611   1          APP_ON;
 612   1        else 
 613   1          APP_OFF;
C51 COMPILER V9.53.0.0   MAIN                                                              05/30/2017 16:19:15 PAGE 11  

 614   1      
 615   1        if(PWM_Count < PWM_REL)
 616   1          REL_ON;
 617   1        else
 618   1          REL_OFF;
 619   1      
 620   1      }
 621          
 622          
 623          INTERRUPT (ADC0_ISR, INTERRUPT_ADC0_EOC)
 624          {
 625   1         static U16 int_dec = INT_DEC;       // Integrate/decimate counter
 626   1                                             // A new result is posted when
 627   1                                             // int_dec is 0
 628   1        
 629   1         U8 i;                               // Loop counter
 630   1      
 631   1      
 632   1         AD0INT = 0;                         // Clear ADC conversion complete
 633   1                                             // overflow
 634   1      
 635   1      
 636   1         accumulator[AMUX_INPUT] += ADC0;    // Read the ADC value and add it to the
 637   1                                             // running total
 638   1      
 639   1         // Reset sample counter <int_dec> and <AMUX_INPUT> if the final input was
 640   1         // just read
 641   1         if(AMUX_INPUT == (ANALOG_INPUTS - 1))
 642   1         {
 643   2            int_dec--;                       // Update decimation counter
 644   2                                             // when the last of the analog inputs
 645   2                                             // is sampled
 646   2      
 647   2            if (int_dec == 0)                // If zero, then post the averaged
 648   2            {                                // results
 649   3               int_dec = INT_DEC;            // Reset counter
 650   3      
 651   3               // Copy each averaged ADC0 value into the RESULT array
 652   3               for(i = 0; i < ANALOG_INPUTS; i++)
 653   3               {
 654   4                  // Copy averaged values into RESULT
 655   4                  RESULT[i] = accumulator[i] / int_dec;
 656   4      
 657   4                  // Reset accumulators
 658   4                  accumulator[i] = 0x00000000;
 659   4               }
 660   3            }
 661   2      
 662   2            AMUX_INPUT = 0;                  // Reset input index back to P0.1
 663   2         }
 664   1         // Otherwise, increment the AMUX channel counter
 665   1         else
 666   1         {
 667   2            AMUX_INPUT++;                    // Step to the next analog mux input
 668   2         }
 669   1         //smg_display(0xe,0xa,0xc,18);
 670   1      }
 671          
 672          
 673          
 674          
 675          
C51 COMPILER V9.53.0.0   MAIN                                                              05/30/2017 16:19:15 PAGE 12  

 676          void Yunzhuanwei()
 677          {
 678   1        RelayON;
 679   1        APP_ON;
 680   1        REL_OFF;
 681   1      }
 682          void Chuzhiwei()
 683          {
 684   1        Target_ERT_Pressure = 50;
 685   1        RelayON;
 686   1      }
 687          
 688          void Quanzhidongwei()
 689          {
 690   1        RelayON;
 691   1        Target_ERT_Pressure = 170;
 692   1      }
 693          
 694          void Yizhiwei()
 695          {
 696   1        RelayON;
 697   1        Target_ERT_Pressure = 170;
 698   1      }
 699          
 700          void Chonglianwei()
 701          {
 702   1        RelayON;
 703   1        Target_ERT_Pressure = 0;
 704   1      }
 705          
 706          void Jinjiwei()
 707          {
 708   1        RelayON;
 709   1        Target_ERT_Pressure = 0;
 710   1      }
 711          
 712          //-----------------------------------------------------------------------------
 713          // End Of File
 714          //-----------------------------------------------------------------------------


MODULE INFORMATION:   STATIC OVERLAYABLE
   CODE SIZE        =   2591    ----
   CONSTANT SIZE    =   ----    ----
   XDATA SIZE       =     95      14
   PDATA SIZE       =   ----    ----
   DATA SIZE        =   ----    ----
   IDATA SIZE       =   ----    ----
   BIT SIZE         =      1    ----
END OF MODULE INFORMATION.


C51 COMPILATION COMPLETE.  0 WARNING(S),  0 ERROR(S)
