C51 COMPILER V9.53.0.0   DISPLAY                                                           06/10/2017 01:00:40 PAGE 1   


C51 COMPILER V9.53.0.0, COMPILATION OF MODULE DISPLAY
OBJECT MODULE PLACED IN Display.OBJ
COMPILER INVOKED BY: F:\Keil_v5\C51\BIN\C51.EXE Display.c LARGE OPTIMIZE(8,SPEED) BROWSE DEBUG OBJECTEXTEND TABS(2)

line level    source

   1          #include "Display.h"
   2          
   3          
   4           
   5          uchar code table[]={0x3f,0x06,0x5b,0x4f,0x66,0x6d,0x7d,0x07,0x7f,0x6f,//带小数点的0~9编码 
   6                               0xbf,0x86,0xdb,0xcf,0xe6,0xed,0xfd,0x87,0xff,0xef};//带小数点的0~9编码
   7          
   8          uchar code table1[]={0xc0,0xF9,0xA4,0xB0,0x99,0x92,0x82,0xF8,0x80,0x90,//带小数点的0~9编码 
   9                              0x88,0x83,0xc6,0xa1,0x86,0x8e, 0x89,0x88,0x8C,0xff}; //0x89 X 16
  10                                            //0x88 R 17
  11                                            //0x8C P 18
  12          
  13          
  14          
  15          
  16          void delay_ms(uint x)
  17          {
  18   1        int i,j;
  19   1        for(i=x;i>0;i--)
  20   1        for(j=100;j>0;j--);
  21   1      
  22   1      }
  23          
  24          
  25          void smg_display(uchar smg1_dat,uchar smg2_dat,uchar smg3_dat,uchar smg4_dat)
  26          {
  27   1        Setwela(0);
  28   1        P3=0x00;
  29   1        delay_ms(1);
  30   1        Setwela(1);
  31   1        delay_ms(1);
  32   1        Setwela(0);
  33   1      
  34   1        Setdula(0); 
  35   1        P3=table1[smg1_dat];
  36   1        delay_ms(1);
  37   1        Setdula(1); 
  38   1        delay_ms(1);
  39   1          Setdula(0);
  40   1        
  41   1        Setwela(0);
  42   1        P3=0x01;
  43   1        delay_ms(1);
  44   1          Setwela(1);
  45   1        delay_ms(1);
  46   1        Setwela(0);
  47   1      
  48   1        delay_ms(10);
  49   1      
  50   1      
  51   1      
  52   1      
  53   1        Setwela(0);
  54   1        P3=0x00;
  55   1        delay_ms(1);
C51 COMPILER V9.53.0.0   DISPLAY                                                           06/10/2017 01:00:40 PAGE 2   

  56   1        Setwela(1);
  57   1        delay_ms(1);
  58   1        Setwela(0);
  59   1      
  60   1      
  61   1      
  62   1        Setdula(0); 
  63   1        P3=table1[smg2_dat];
  64   1        delay_ms(1);
  65   1        Setdula(1); 
  66   1        delay_ms(1);
  67   1          Setdula(0);
  68   1        
  69   1        Setwela(0);
  70   1        P3=0x02;
  71   1        delay_ms(1);
  72   1          Setwela(1);
  73   1        delay_ms(1);
  74   1        Setwela(0);
  75   1        Setwela(0);
  76   1        delay_ms(10);
  77   1      
  78   1      
  79   1      
  80   1        P3=0x00;
  81   1        delay_ms(1);
  82   1        Setwela(1);
  83   1        delay_ms(1);
  84   1        Setwela(0);
  85   1      
  86   1        Setdula(0); 
  87   1        P3=table1[smg3_dat];
  88   1        delay_ms(1);
  89   1        Setdula(1); 
  90   1        delay_ms(1);
  91   1          Setdula(0);
  92   1      
  93   1        Setwela(0);
  94   1        P3=0x04;
  95   1        delay_ms(1);
  96   1          Setwela(1);
  97   1        delay_ms(1);
  98   1        Setwela(0);
  99   1      
 100   1      
 101   1      
 102   1      
 103   1        delay_ms(10);
 104   1      
 105   1        P3=0x00;
 106   1        delay_ms(1);
 107   1        Setwela(1);
 108   1        delay_ms(1);
 109   1        Setwela(0);
 110   1      
 111   1        Setdula(0); 
 112   1        P3=table1[smg4_dat];
 113   1        delay_ms(1);
 114   1        Setdula(1);
 115   1        delay_ms(1);
 116   1          Setdula(0);
 117   1      
C51 COMPILER V9.53.0.0   DISPLAY                                                           06/10/2017 01:00:40 PAGE 3   

 118   1        Setwela(0);
 119   1        P3=0x08;
 120   1        delay_ms(1);
 121   1          Setwela(1);
 122   1        delay_ms(1);
 123   1        Setwela(0);
 124   1        delay_ms(10);
 125   1      }


MODULE INFORMATION:   STATIC OVERLAYABLE
   CODE SIZE        =    294    ----
   CONSTANT SIZE    =     40    ----
   XDATA SIZE       =   ----       4
   PDATA SIZE       =   ----    ----
   DATA SIZE        =   ----    ----
   IDATA SIZE       =   ----    ----
   BIT SIZE         =   ----    ----
END OF MODULE INFORMATION.


C51 COMPILATION COMPLETE.  0 WARNING(S),  0 ERROR(S)
